# JRE version: OpenJDK Runtime Environment (8.0_152-b01) (build 1.8.0_152-release-915-b01)
# Java VM: OpenJDK 64-Bit Server VM (25.152-b01 mixed mode windows-amd64 compressed oops)
Heap:
 PSYoungGen      total 112640K, used 14095K [0x00000000d5580000, 0x00000000e0200000, 0x0000000100000000)
  eden space 101376K, 13% used [0x00000000d5580000,0x00000000d6343fd8,0x00000000db880000)
  from space 11264K, 0% used [0x00000000db880000,0x00000000db880000,0x00000000dc380000)
  to   space 12288K, 0% used [0x00000000df600000,0x00000000df600000,0x00000000e0200000)
 ParOldGen       total 96768K, used 16324K [0x0000000080000000, 0x0000000085e80000, 0x00000000d5580000)
  object space 96768K, 16% used [0x0000000080000000,0x0000000080ff1178,0x0000000085e80000)
 Metaspace       used 37136K, capacity 38004K, committed 38272K, reserved 1081344K
  class space    used 5038K, capacity 5425K, committed 5504K, reserved 1048576K
GC Heap History (10 events):
Event: 8.796 GC heap before
{Heap before GC invocations=5 (full 1):
 PSYoungGen      total 71680K, used 5108K [0x00000000d5580000, 0x00000000da080000, 0x0000000100000000)
  eden space 66560K, 0% used [0x00000000d5580000,0x00000000d5580000,0x00000000d9680000)
  from space 5120K, 99% used [0x00000000d9b80000,0x00000000da07d040,0x00000000da080000)
  to   space 5120K, 0% used [0x00000000d9680000,0x00000000d9680000,0x00000000d9b80000)
 ParOldGen       total 87552K, used 7391K [0x0000000080000000, 0x0000000085580000, 0x00000000d5580000)
  object space 87552K, 8% used [0x0000000080000000,0x0000000080737f50,0x0000000085580000)
 Metaspace       used 20715K, capacity 21112K, committed 21248K, reserved 1067008K
  class space    used 2872K, capacity 3035K, committed 3072K, reserved 1048576K
Event: 8.902 GC heap after
Heap after GC invocations=5 (full 1):
 PSYoungGen      total 71680K, used 0K [0x00000000d5580000, 0x00000000da080000, 0x0000000100000000)
  eden space 66560K, 0% used [0x00000000d5580000,0x00000000d5580000,0x00000000d9680000)
  from space 5120K, 0% used [0x00000000d9b80000,0x00000000d9b80000,0x00000000da080000)
  to   space 5120K, 0% used [0x00000000d9680000,0x00000000d9680000,0x00000000d9b80000)
 ParOldGen       total 61440K, used 8706K [0x0000000080000000, 0x0000000083c00000, 0x00000000d5580000)
  object space 61440K, 14% used [0x0000000080000000,0x0000000080880850,0x0000000083c00000)
 Metaspace       used 20715K, capacity 21112K, committed 21248K, reserved 1067008K
  class space    used 2872K, capacity 3035K, committed 3072K, reserved 1048576K
}
Event: 12.488 GC heap before
{Heap before GC invocations=6 (full 1):
 PSYoungGen      total 71680K, used 66560K [0x00000000d5580000, 0x00000000da080000, 0x0000000100000000)
  eden space 66560K, 100% used [0x00000000d5580000,0x00000000d9680000,0x00000000d9680000)
  from space 5120K, 0% used [0x00000000d9b80000,0x00000000d9b80000,0x00000000da080000)
  to   space 5120K, 0% used [0x00000000d9680000,0x00000000d9680000,0x00000000d9b80000)
 ParOldGen       total 61440K, used 8706K [0x0000000080000000, 0x0000000083c00000, 0x00000000d5580000)
  object space 61440K, 14% used [0x0000000080000000,0x0000000080880850,0x0000000083c00000)
 Metaspace       used 26131K, capacity 26594K, committed 26880K, reserved 1073152K
  class space    used 3551K, capacity 3746K, committed 3840K, reserved 1048576K
Event: 12.522 GC heap after
Heap after GC invocations=6 (full 1):
 PSYoungGen      total 71680K, used 5097K [0x00000000d5580000, 0x00000000dce80000, 0x0000000100000000)
  eden space 66560K, 0% used [0x00000000d5580000,0x00000000d5580000,0x00000000d9680000)
  from space 5120K, 99% used [0x00000000d9680000,0x00000000d9b7a490,0x00000000d9b80000)
  to   space 10240K, 0% used [0x00000000dc480000,0x00000000dc480000,0x00000000dce80000)
 ParOldGen       total 61440K, used 10536K [0x0000000080000000, 0x0000000083c00000, 0x00000000d5580000)
  object space 61440K, 17% used [0x0000000080000000,0x0000000080a4a0d0,0x0000000083c00000)
 Metaspace       used 26131K, capacity 26594K, committed 26880K, reserved 1073152K
  class space    used 3551K, capacity 3746K, committed 3840K, reserved 1048576K
}
Event: 18.483 GC heap before
{Heap before GC invocations=7 (full 1):
 PSYoungGen      total 71680K, used 71657K [0x00000000d5580000, 0x00000000dce80000, 0x0000000100000000)
  eden space 66560K, 100% used [0x00000000d5580000,0x00000000d9680000,0x00000000d9680000)
  from space 5120K, 99% used [0x00000000d9680000,0x00000000d9b7a490,0x00000000d9b80000)
  to   space 10240K, 0% used [0x00000000dc480000,0x00000000dc480000,0x00000000dce80000)
 ParOldGen       total 61440K, used 10536K [0x0000000080000000, 0x0000000083c00000, 0x00000000d5580000)
  object space 61440K, 17% used [0x0000000080000000,0x0000000080a4a0d0,0x0000000083c00000)
 Metaspace       used 31262K, capacity 31920K, committed 32000K, reserved 1077248K
  class space    used 4323K, capacity 4581K, committed 4608K, reserved 1048576K
Event: 18.511 GC heap after
Heap after GC invocations=7 (full 1):
 PSYoungGen      total 110592K, used 9851K [0x00000000d5580000, 0x00000000dce80000, 0x0000000100000000)
  eden space 100352K, 0% used [0x00000000d5580000,0x00000000d5580000,0x00000000db780000)
  from space 10240K, 96% used [0x00000000dc480000,0x00000000dce1ef40,0x00000000dce80000)
  to   space 11264K, 0% used [0x00000000db880000,0x00000000db880000,0x00000000dc380000)
 ParOldGen       total 61440K, used 10544K [0x0000000080000000, 0x0000000083c00000, 0x00000000d5580000)
  object space 61440K, 17% used [0x0000000080000000,0x0000000080a4c0d0,0x0000000083c00000)
 Metaspace       used 31262K, capacity 31920K, committed 32000K, reserved 1077248K
  class space    used 4323K, capacity 4581K, committed 4608K, reserved 1048576K
}
Event: 22.307 GC heap before
{Heap before GC invocations=8 (full 1):
 PSYoungGen      total 110592K, used 76684K [0x00000000d5580000, 0x00000000dce80000, 0x0000000100000000)
  eden space 100352K, 66% used [0x00000000d5580000,0x00000000d96c4300,0x00000000db780000)
  from space 10240K, 96% used [0x00000000dc480000,0x00000000dce1ef40,0x00000000dce80000)
  to   space 11264K, 0% used [0x00000000db880000,0x00000000db880000,0x00000000dc380000)
 ParOldGen       total 61440K, used 10544K [0x0000000080000000, 0x0000000083c00000, 0x00000000d5580000)
  object space 61440K, 17% used [0x0000000080000000,0x0000000080a4c0d0,0x0000000083c00000)
 Metaspace       used 34540K, capacity 35342K, committed 35416K, reserved 1079296K
  class space    used 4718K, capacity 5067K, committed 5120K, reserved 1048576K
Event: 22.359 GC heap after
Heap after GC invocations=8 (full 1):
 PSYoungGen      total 112640K, used 10383K [0x00000000d5580000, 0x00000000e0200000, 0x0000000100000000)
  eden space 101376K, 0% used [0x00000000d5580000,0x00000000d5580000,0x00000000db880000)
  from space 11264K, 92% used [0x00000000db880000,0x00000000dc2a3fd8,0x00000000dc380000)
  to   space 12288K, 0% used [0x00000000df600000,0x00000000df600000,0x00000000e0200000)
 ParOldGen       total 61440K, used 10616K [0x0000000080000000, 0x0000000083c00000, 0x00000000d5580000)
  object space 61440K, 17% used [0x0000000080000000,0x0000000080a5e0e0,0x0000000083c00000)
 Metaspace       used 34540K, capacity 35342K, committed 35416K, reserved 1079296K
  class space    used 4718K, capacity 5067K, committed 5120K, reserved 1048576K
}
Event: 22.359 GC heap before
{Heap before GC invocations=9 (full 2):
 PSYoungGen      total 112640K, used 10383K [0x00000000d5580000, 0x00000000e0200000, 0x0000000100000000)
  eden space 101376K, 0% used [0x00000000d5580000,0x00000000d5580000,0x00000000db880000)
  from space 11264K, 92% used [0x00000000db880000,0x00000000dc2a3fd8,0x00000000dc380000)
  to   space 12288K, 0% used [0x00000000df600000,0x00000000df600000,0x00000000e0200000)
 ParOldGen       total 61440K, used 10616K [0x0000000080000000, 0x0000000083c00000, 0x00000000d5580000)
  object space 61440K, 17% used [0x0000000080000000,0x0000000080a5e0e0,0x0000000083c00000)
 Metaspace       used 34540K, capacity 35342K, committed 35416K, reserved 1079296K
  class space    used 4718K, capacity 5067K, committed 5120K, reserved 1048576K
Event: 22.688 GC heap after
Heap after GC invocations=9 (full 2):
 PSYoungGen      total 112640K, used 0K [0x00000000d5580000, 0x00000000e0200000, 0x0000000100000000)
  eden space 101376K, 0% used [0x00000000d5580000,0x00000000d5580000,0x00000000db880000)
  from space 11264K, 0% used [0x00000000db880000,0x00000000db880000,0x00000000dc380000)
  to   space 12288K, 0% used [0x00000000df600000,0x00000000df600000,0x00000000e0200000)
 ParOldGen       total 96768K, used 16324K [0x0000000080000000, 0x0000000085e80000, 0x00000000d5580000)
  object space 96768K, 16% used [0x0000000080000000,0x0000000080ff1178,0x0000000085e80000)
 Metaspace       used 34540K, capacity 35342K, committed 35416K, reserved 1079296K
  class space    used 4718K, capacity 5067K, committed 5120K, reserved 1048576K
}

