# JRE version: OpenJDK Runtime Environment (8.0_152-b01) (build 1.8.0_152-release-915-b01)
# Java VM: OpenJDK 64-Bit Server VM (25.152-b01 mixed mode windows-amd64 compressed oops)
Heap:
 PSYoungGen      total 94208K, used 5836K [0x00000000d5580000, 0x00000000dd180000, 0x0000000100000000)
  eden space 82432K, 0% used [0x00000000d5580000,0x00000000d5580000,0x00000000da600000)
  from space 11776K, 49% used [0x00000000da600000,0x00000000dabb32f0,0x00000000db180000)
  to   space 9728K, 0% used [0x00000000db180000,0x00000000db180000,0x00000000dbb00000)
 ParOldGen       total 64000K, used 16399K [0x0000000080000000, 0x0000000083e80000, 0x00000000d5580000)
  object space 64000K, 25% used [0x0000000080000000,0x0000000081003e38,0x0000000083e80000)
 Metaspace       used 41466K, capacity 42414K, committed 42624K, reserved 1089536K
  class space    used 5544K, capacity 5898K, committed 6016K, reserved 1048576K
GC Heap History (10 events):
Event: 12.433 GC heap after
Heap after GC invocations=9 (full 1):
 PSYoungGen      total 91136K, used 7847K [0x00000000d5580000, 0x00000000dbb00000, 0x0000000100000000)
  eden space 81408K, 0% used [0x00000000d5580000,0x00000000d5580000,0x00000000da500000)
  from space 9728K, 80% used [0x00000000db180000,0x00000000db929e80,0x00000000dbb00000)
  to   space 11264K, 0% used [0x00000000da500000,0x00000000da500000,0x00000000db000000)
 ParOldGen       total 64000K, used 8883K [0x0000000080000000, 0x0000000083e80000, 0x00000000d5580000)
  object space 64000K, 13% used [0x0000000080000000,0x00000000808acc98,0x0000000083e80000)
 Metaspace       used 31452K, capacity 32106K, committed 32256K, reserved 1077248K
  class space    used 4316K, capacity 4580K, committed 4608K, reserved 1048576K
}
Event: 13.345 GC heap before
{Heap before GC invocations=10 (full 1):
 PSYoungGen      total 91136K, used 40865K [0x00000000d5580000, 0x00000000dbb00000, 0x0000000100000000)
  eden space 81408K, 40% used [0x00000000d5580000,0x00000000d75be870,0x00000000da500000)
  from space 9728K, 80% used [0x00000000db180000,0x00000000db929e80,0x00000000dbb00000)
  to   space 11264K, 0% used [0x00000000da500000,0x00000000da500000,0x00000000db000000)
 ParOldGen       total 64000K, used 8883K [0x0000000080000000, 0x0000000083e80000, 0x00000000d5580000)
  object space 64000K, 13% used [0x0000000080000000,0x00000000808acc98,0x0000000083e80000)
 Metaspace       used 34564K, capacity 35304K, committed 35416K, reserved 1079296K
  class space    used 4722K, capacity 5034K, committed 5120K, reserved 1048576K
Event: 13.359 GC heap after
Heap after GC invocations=10 (full 1):
 PSYoungGen      total 92672K, used 8584K [0x00000000d5580000, 0x00000000dbb00000, 0x0000000100000000)
  eden space 81408K, 0% used [0x00000000d5580000,0x00000000d5580000,0x00000000da500000)
  from space 11264K, 76% used [0x00000000da500000,0x00000000dad62368,0x00000000db000000)
  to   space 9728K, 0% used [0x00000000db180000,0x00000000db180000,0x00000000dbb00000)
 ParOldGen       total 64000K, used 10813K [0x0000000080000000, 0x0000000083e80000, 0x00000000d5580000)
  object space 64000K, 16% used [0x0000000080000000,0x0000000080a8f580,0x0000000083e80000)
 Metaspace       used 34564K, capacity 35304K, committed 35416K, reserved 1079296K
  class space    used 4722K, capacity 5034K, committed 5120K, reserved 1048576K
}
Event: 13.359 GC heap before
{Heap before GC invocations=11 (full 2):
 PSYoungGen      total 92672K, used 8584K [0x00000000d5580000, 0x00000000dbb00000, 0x0000000100000000)
  eden space 81408K, 0% used [0x00000000d5580000,0x00000000d5580000,0x00000000da500000)
  from space 11264K, 76% used [0x00000000da500000,0x00000000dad62368,0x00000000db000000)
  to   space 9728K, 0% used [0x00000000db180000,0x00000000db180000,0x00000000dbb00000)
 ParOldGen       total 64000K, used 10813K [0x0000000080000000, 0x0000000083e80000, 0x00000000d5580000)
  object space 64000K, 16% used [0x0000000080000000,0x0000000080a8f580,0x0000000083e80000)
 Metaspace       used 34564K, capacity 35304K, committed 35416K, reserved 1079296K
  class space    used 4722K, capacity 5034K, committed 5120K, reserved 1048576K
Event: 13.476 GC heap after
Heap after GC invocations=11 (full 2):
 PSYoungGen      total 92672K, used 0K [0x00000000d5580000, 0x00000000dbb00000, 0x0000000100000000)
  eden space 81408K, 0% used [0x00000000d5580000,0x00000000d5580000,0x00000000da500000)
  from space 11264K, 0% used [0x00000000da500000,0x00000000da500000,0x00000000db000000)
  to   space 9728K, 0% used [0x00000000db180000,0x00000000db180000,0x00000000dbb00000)
 ParOldGen       total 64000K, used 16391K [0x0000000080000000, 0x0000000083e80000, 0x00000000d5580000)
  object space 64000K, 25% used [0x0000000080000000,0x0000000081001e38,0x0000000083e80000)
 Metaspace       used 34564K, capacity 35304K, committed 35416K, reserved 1079296K
  class space    used 4722K, capacity 5034K, committed 5120K, reserved 1048576K
}
Event: 15.089 GC heap before
{Heap before GC invocations=12 (full 2):
 PSYoungGen      total 92672K, used 81408K [0x00000000d5580000, 0x00000000dbb00000, 0x0000000100000000)
  eden space 81408K, 100% used [0x00000000d5580000,0x00000000da500000,0x00000000da500000)
  from space 11264K, 0% used [0x00000000da500000,0x00000000da500000,0x00000000db000000)
  to   space 9728K, 0% used [0x00000000db180000,0x00000000db180000,0x00000000dbb00000)
 ParOldGen       total 64000K, used 16391K [0x0000000080000000, 0x0000000083e80000, 0x00000000d5580000)
  object space 64000K, 25% used [0x0000000080000000,0x0000000081001e38,0x0000000083e80000)
 Metaspace       used 41441K, capacity 42408K, committed 42624K, reserved 1085440K
  class space    used 5542K, capacity 5897K, committed 6016K, reserved 1048576K
Event: 15.099 GC heap after
Heap after GC invocations=12 (full 2):
 PSYoungGen      total 92160K, used 8521K [0x00000000d5580000, 0x00000000dd180000, 0x0000000100000000)
  eden space 82432K, 0% used [0x00000000d5580000,0x00000000d5580000,0x00000000da600000)
  from space 9728K, 87% used [0x00000000db180000,0x00000000db9d2740,0x00000000dbb00000)
  to   space 11776K, 0% used [0x00000000da600000,0x00000000da600000,0x00000000db180000)
 ParOldGen       total 64000K, used 16399K [0x0000000080000000, 0x0000000083e80000, 0x00000000d5580000)
  object space 64000K, 25% used [0x0000000080000000,0x0000000081003e38,0x0000000083e80000)
 Metaspace       used 41441K, capacity 42408K, committed 42624K, reserved 1085440K
  class space    used 5542K, capacity 5897K, committed 6016K, reserved 1048576K
}
Event: 15.212 GC heap before
{Heap before GC invocations=13 (full 2):
 PSYoungGen      total 92160K, used 19857K [0x00000000d5580000, 0x00000000dd180000, 0x0000000100000000)
  eden space 82432K, 13% used [0x00000000d5580000,0x00000000d6092058,0x00000000da600000)
  from space 9728K, 87% used [0x00000000db180000,0x00000000db9d2740,0x00000000dbb00000)
  to   space 11776K, 0% used [0x00000000da600000,0x00000000da600000,0x00000000db180000)
 ParOldGen       total 64000K, used 16399K [0x0000000080000000, 0x0000000083e80000, 0x00000000d5580000)
  object space 64000K, 25% used [0x0000000080000000,0x0000000081003e38,0x0000000083e80000)
 Metaspace       used 41466K, capacity 42414K, committed 42624K, reserved 1089536K
  class space    used 5544K, capacity 5898K, committed 6016K, reserved 1048576K
Event: 15.222 GC heap after
Heap after GC invocations=13 (full 2):
 PSYoungGen      total 94208K, used 5836K [0x00000000d5580000, 0x00000000dd180000, 0x0000000100000000)
  eden space 82432K, 0% used [0x00000000d5580000,0x00000000d5580000,0x00000000da600000)
  from space 11776K, 49% used [0x00000000da600000,0x00000000dabb32f0,0x00000000db180000)
  to   space 9728K, 0% used [0x00000000db180000,0x00000000db180000,0x00000000dbb00000)
 ParOldGen       total 64000K, used 16399K [0x0000000080000000, 0x0000000083e80000, 0x00000000d5580000)
  object space 64000K, 25% used [0x0000000080000000,0x0000000081003e38,0x0000000083e80000)
 Metaspace       used 41466K, capacity 42414K, committed 42624K, reserved 1089536K
  class space    used 5544K, capacity 5898K, committed 6016K, reserved 1048576K
}
Event: 15.222 GC heap before
{Heap before GC invocations=14 (full 3):
 PSYoungGen      total 94208K, used 5836K [0x00000000d5580000, 0x00000000dd180000, 0x0000000100000000)
  eden space 82432K, 0% used [0x00000000d5580000,0x00000000d5580000,0x00000000da600000)
  from space 11776K, 49% used [0x00000000da600000,0x00000000dabb32f0,0x00000000db180000)
  to   space 9728K, 0% used [0x00000000db180000,0x00000000db180000,0x00000000dbb00000)
 ParOldGen       total 64000K, used 16399K [0x0000000080000000, 0x0000000083e80000, 0x00000000d5580000)
  object space 64000K, 25% used [0x0000000080000000,0x0000000081003e38,0x0000000083e80000)
 Metaspace       used 41466K, capacity 42414K, committed 42624K, reserved 1089536K
  class space    used 5544K, capacity 5898K, committed 6016K, reserved 1048576K

