# JRE version: OpenJDK Runtime Environment (8.0_152-b01) (build 1.8.0_152-release-915-b01)
# Java VM: OpenJDK 64-Bit Server VM (25.152-b01 mixed mode windows-amd64 compressed oops)
Heap:
 PSYoungGen      total 157696K, used 117629K [0x00000000d5580000, 0x00000000e0900000, 0x0000000100000000)
  eden space 134656K, 87% used [0x00000000d5580000,0x00000000dc85f450,0x00000000dd900000)
  from space 23040K, 0% used [0x00000000df280000,0x00000000df280000,0x00000000e0900000)
  to   space 24576K, 0% used [0x00000000dd900000,0x00000000dd900000,0x00000000df100000)
 ParOldGen       total 175104K, used 49583K [0x0000000080000000, 0x000000008ab00000, 0x00000000d5580000)
  object space 175104K, 28% used [0x0000000080000000,0x000000008306bc28,0x000000008ab00000)
 Metaspace       used 61004K, capacity 63909K, committed 64128K, reserved 1103872K
  class space    used 8201K, capacity 8988K, committed 9088K, reserved 1048576K
GC Heap History (10 events):
Event: 18.540 GC heap before
{Heap before GC invocations=13 (full 2):
 PSYoungGen      total 99840K, used 99763K [0x00000000d5580000, 0x00000000dce00000, 0x0000000100000000)
  eden space 92160K, 100% used [0x00000000d5580000,0x00000000daf80000,0x00000000daf80000)
  from space 7680K, 99% used [0x00000000dc680000,0x00000000dcdeccd0,0x00000000dce00000)
  to   space 12288K, 0% used [0x00000000db600000,0x00000000db600000,0x00000000dc200000)
 ParOldGen       total 103936K, used 16381K [0x0000000080000000, 0x0000000086580000, 0x00000000d5580000)
  object space 103936K, 15% used [0x0000000080000000,0x0000000080fff600,0x0000000086580000)
 Metaspace       used 47350K, capacity 48596K, committed 48896K, reserved 1091584K
  class space    used 6380K, capacity 6794K, committed 6912K, reserved 1048576K
Event: 18.566 GC heap after
Heap after GC invocations=13 (full 2):
 PSYoungGen      total 111104K, used 12258K [0x00000000d5580000, 0x00000000ddc80000, 0x0000000100000000)
  eden space 98816K, 0% used [0x00000000d5580000,0x00000000d5580000,0x00000000db600000)
  from space 12288K, 99% used [0x00000000db600000,0x00000000dc1f8b00,0x00000000dc200000)
  to   space 13824K, 0% used [0x00000000dcf00000,0x00000000dcf00000,0x00000000ddc80000)
 ParOldGen       total 103936K, used 17758K [0x0000000080000000, 0x0000000086580000, 0x00000000d5580000)
  object space 103936K, 17% used [0x0000000080000000,0x00000000811579e8,0x0000000086580000)
 Metaspace       used 47350K, capacity 48596K, committed 48896K, reserved 1091584K
  class space    used 6380K, capacity 6794K, committed 6912K, reserved 1048576K
}
Event: 20.747 GC heap before
{Heap before GC invocations=14 (full 2):
 PSYoungGen      total 111104K, used 111074K [0x00000000d5580000, 0x00000000ddc80000, 0x0000000100000000)
  eden space 98816K, 100% used [0x00000000d5580000,0x00000000db600000,0x00000000db600000)
  from space 12288K, 99% used [0x00000000db600000,0x00000000dc1f8b00,0x00000000dc200000)
  to   space 13824K, 0% used [0x00000000dcf00000,0x00000000dcf00000,0x00000000ddc80000)
 ParOldGen       total 103936K, used 17758K [0x0000000080000000, 0x0000000086580000, 0x00000000d5580000)
  object space 103936K, 17% used [0x0000000080000000,0x00000000811579e8,0x0000000086580000)
 Metaspace       used 53264K, capacity 55156K, committed 55552K, reserved 1097728K
  class space    used 7289K, capacity 7827K, committed 7936K, reserved 1048576K
Event: 20.773 GC heap after
Heap after GC invocations=14 (full 2):
 PSYoungGen      total 119808K, used 13814K [0x00000000d5580000, 0x00000000ded80000, 0x0000000100000000)
  eden space 105984K, 0% used [0x00000000d5580000,0x00000000d5580000,0x00000000dbd00000)
  from space 13824K, 99% used [0x00000000dcf00000,0x00000000ddc7dbb8,0x00000000ddc80000)
  to   space 18432K, 0% used [0x00000000dbd00000,0x00000000dbd00000,0x00000000dcf00000)
 ParOldGen       total 103936K, used 24501K [0x0000000080000000, 0x0000000086580000, 0x00000000d5580000)
  object space 103936K, 23% used [0x0000000080000000,0x00000000817ed5d0,0x0000000086580000)
 Metaspace       used 53264K, capacity 55156K, committed 55552K, reserved 1097728K
  class space    used 7289K, capacity 7827K, committed 7936K, reserved 1048576K
}
Event: 22.012 GC heap before
{Heap before GC invocations=15 (full 2):
 PSYoungGen      total 119808K, used 119798K [0x00000000d5580000, 0x00000000ded80000, 0x0000000100000000)
  eden space 105984K, 100% used [0x00000000d5580000,0x00000000dbd00000,0x00000000dbd00000)
  from space 13824K, 99% used [0x00000000dcf00000,0x00000000ddc7dbb8,0x00000000ddc80000)
  to   space 18432K, 0% used [0x00000000dbd00000,0x00000000dbd00000,0x00000000dcf00000)
 ParOldGen       total 103936K, used 24501K [0x0000000080000000, 0x0000000086580000, 0x00000000d5580000)
  object space 103936K, 23% used [0x0000000080000000,0x00000000817ed5d0,0x0000000086580000)
 Metaspace       used 54620K, capacity 56830K, committed 57088K, reserved 1097728K
  class space    used 7550K, capacity 8161K, committed 8192K, reserved 1048576K
Event: 22.074 GC heap after
Heap after GC invocations=15 (full 2):
 PSYoungGen      total 124416K, used 18402K [0x00000000d5580000, 0x00000000e0a00000, 0x0000000100000000)
  eden space 105984K, 0% used [0x00000000d5580000,0x00000000d5580000,0x00000000dbd00000)
  from space 18432K, 99% used [0x00000000dbd00000,0x00000000dcef88d8,0x00000000dcf00000)
  to   space 24064K, 0% used [0x00000000df280000,0x00000000df280000,0x00000000e0a00000)
 ParOldGen       total 103936K, used 33712K [0x0000000080000000, 0x0000000086580000, 0x00000000d5580000)
  object space 103936K, 32% used [0x0000000080000000,0x00000000820ec038,0x0000000086580000)
 Metaspace       used 54620K, capacity 56830K, committed 57088K, reserved 1097728K
  class space    used 7550K, capacity 8161K, committed 8192K, reserved 1048576K
}
Event: 24.799 GC heap before
{Heap before GC invocations=16 (full 2):
 PSYoungGen      total 124416K, used 109023K [0x00000000d5580000, 0x00000000e0a00000, 0x0000000100000000)
  eden space 105984K, 85% used [0x00000000d5580000,0x00000000dadff650,0x00000000dbd00000)
  from space 18432K, 99% used [0x00000000dbd00000,0x00000000dcef88d8,0x00000000dcf00000)
  to   space 24064K, 0% used [0x00000000df280000,0x00000000df280000,0x00000000e0a00000)
 ParOldGen       total 103936K, used 33712K [0x0000000080000000, 0x0000000086580000, 0x00000000d5580000)
  object space 103936K, 32% used [0x0000000080000000,0x00000000820ec038,0x0000000086580000)
 Metaspace       used 56575K, capacity 58999K, committed 59028K, reserved 1099776K
  class space    used 7772K, capacity 8448K, committed 8448K, reserved 1048576K
Event: 24.831 GC heap after
Heap after GC invocations=16 (full 2):
 PSYoungGen      total 157696K, used 15728K [0x00000000d5580000, 0x00000000e0900000, 0x0000000100000000)
  eden space 134656K, 0% used [0x00000000d5580000,0x00000000d5580000,0x00000000dd900000)
  from space 23040K, 68% used [0x00000000df280000,0x00000000e01dc030,0x00000000e0900000)
  to   space 24576K, 0% used [0x00000000dd900000,0x00000000dd900000,0x00000000df100000)
 ParOldGen       total 103936K, used 42365K [0x0000000080000000, 0x0000000086580000, 0x00000000d5580000)
  object space 103936K, 40% used [0x0000000080000000,0x000000008295f538,0x0000000086580000)
 Metaspace       used 56575K, capacity 58999K, committed 59028K, reserved 1099776K
  class space    used 7772K, capacity 8448K, committed 8448K, reserved 1048576K
}
Event: 24.831 GC heap before
{Heap before GC invocations=17 (full 3):
 PSYoungGen      total 157696K, used 15728K [0x00000000d5580000, 0x00000000e0900000, 0x0000000100000000)
  eden space 134656K, 0% used [0x00000000d5580000,0x00000000d5580000,0x00000000dd900000)
  from space 23040K, 68% used [0x00000000df280000,0x00000000e01dc030,0x00000000e0900000)
  to   space 24576K, 0% used [0x00000000dd900000,0x00000000dd900000,0x00000000df100000)
 ParOldGen       total 103936K, used 42365K [0x0000000080000000, 0x0000000086580000, 0x00000000d5580000)
  object space 103936K, 40% used [0x0000000080000000,0x000000008295f538,0x0000000086580000)
 Metaspace       used 56575K, capacity 58999K, committed 59028K, reserved 1099776K
  class space    used 7772K, capacity 8448K, committed 8448K, reserved 1048576K
Event: 25.376 GC heap after
Heap after GC invocations=17 (full 3):
 PSYoungGen      total 157696K, used 0K [0x00000000d5580000, 0x00000000e0900000, 0x0000000100000000)
  eden space 134656K, 0% used [0x00000000d5580000,0x00000000d5580000,0x00000000dd900000)
  from space 23040K, 0% used [0x00000000df280000,0x00000000df280000,0x00000000e0900000)
  to   space 24576K, 0% used [0x00000000dd900000,0x00000000dd900000,0x00000000df100000)
 ParOldGen       total 175104K, used 49583K [0x0000000080000000, 0x000000008ab00000, 0x00000000d5580000)
  object space 175104K, 28% used [0x0000000080000000,0x000000008306bc28,0x000000008ab00000)
 Metaspace       used 56575K, capacity 58999K, committed 59028K, reserved 1099776K
  class space    used 7772K, capacity 8448K, committed 8448K, reserved 1048576K
}

