# JRE version: OpenJDK Runtime Environment (8.0_152-b01) (build 1.8.0_152-release-915-b01)
# Java VM: OpenJDK 64-Bit Server VM (25.152-b01 mixed mode windows-amd64 compressed oops)
Heap:
 PSYoungGen      total 445952K, used 346868K [0x00000000d5580000, 0x00000000fa080000, 0x0000000100000000)
  eden space 332800K, 79% used [0x00000000d5580000,0x00000000e58c90e0,0x00000000e9a80000)
  from space 113152K, 71% used [0x00000000e9a80000,0x00000000ee9f41e8,0x00000000f0900000)
  to   space 121856K, 0% used [0x00000000f2980000,0x00000000f2980000,0x00000000fa080000)
 ParOldGen       total 276992K, used 149390K [0x0000000080000000, 0x0000000090e80000, 0x00000000d5580000)
  object space 276992K, 53% used [0x0000000080000000,0x00000000891e3910,0x0000000090e80000)
 Metaspace       used 85744K, capacity 90802K, committed 91136K, reserved 1128448K
  class space    used 10712K, capacity 11900K, committed 12032K, reserved 1048576K
GC Heap History (10 events):
Event: 5082.438 GC heap before
{Heap before GC invocations=39 (full 4):
 PSYoungGen      total 397312K, used 303502K [0x00000000d5580000, 0x00000000f4d00000, 0x0000000100000000)
  eden space 285184K, 100% used [0x00000000d5580000,0x00000000e6c00000,0x00000000e6c00000)
  from space 112128K, 16% used [0x00000000edf80000,0x00000000ef163860,0x00000000f4d00000)
  to   space 115200K, 0% used [0x00000000e6c00000,0x00000000e6c00000,0x00000000edc80000)
 ParOldGen       total 276992K, used 149366K [0x0000000080000000, 0x0000000090e80000, 0x00000000d5580000)
  object space 276992K, 53% used [0x0000000080000000,0x00000000891dd910,0x0000000090e80000)
 Metaspace       used 85096K, capacity 89604K, committed 89984K, reserved 1128448K
  class space    used 10638K, capacity 11705K, committed 11904K, reserved 1048576K
Event: 5082.476 GC heap after
Heap after GC invocations=39 (full 4):
 PSYoungGen      total 400384K, used 98221K [0x00000000d5580000, 0x00000000f8100000, 0x0000000100000000)
  eden space 285184K, 0% used [0x00000000d5580000,0x00000000d5580000,0x00000000e6c00000)
  from space 115200K, 85% used [0x00000000e6c00000,0x00000000ecbeb550,0x00000000edc80000)
  to   space 130048K, 0% used [0x00000000f0200000,0x00000000f0200000,0x00000000f8100000)
 ParOldGen       total 276992K, used 149374K [0x0000000080000000, 0x0000000090e80000, 0x00000000d5580000)
  object space 276992K, 53% used [0x0000000080000000,0x00000000891df910,0x0000000090e80000)
 Metaspace       used 85096K, capacity 89604K, committed 89984K, reserved 1128448K
  class space    used 10638K, capacity 11705K, committed 11904K, reserved 1048576K
}
Event: 5084.705 GC heap before
{Heap before GC invocations=40 (full 4):
 PSYoungGen      total 400384K, used 383248K [0x00000000d5580000, 0x00000000f8100000, 0x0000000100000000)
  eden space 285184K, 99% used [0x00000000d5580000,0x00000000e6bd8d68,0x00000000e6c00000)
  from space 115200K, 85% used [0x00000000e6c00000,0x00000000ecbeb550,0x00000000edc80000)
  to   space 130048K, 0% used [0x00000000f0200000,0x00000000f0200000,0x00000000f8100000)
 ParOldGen       total 276992K, used 149374K [0x0000000080000000, 0x0000000090e80000, 0x00000000d5580000)
  object space 276992K, 53% used [0x0000000080000000,0x00000000891df910,0x0000000090e80000)
 Metaspace       used 85111K, capacity 89604K, committed 89984K, reserved 1128448K
  class space    used 10638K, capacity 11705K, committed 11904K, reserved 1048576K
Event: 5084.738 GC heap after
Heap after GC invocations=40 (full 4):
 PSYoungGen      total 433664K, used 26184K [0x00000000d5580000, 0x00000000f7880000, 0x0000000100000000)
  eden space 312320K, 0% used [0x00000000d5580000,0x00000000d5580000,0x00000000e8680000)
  from space 121344K, 21% used [0x00000000f0200000,0x00000000f1b92138,0x00000000f7880000)
  to   space 123904K, 0% used [0x00000000e8680000,0x00000000e8680000,0x00000000eff80000)
 ParOldGen       total 276992K, used 149374K [0x0000000080000000, 0x0000000090e80000, 0x00000000d5580000)
  object space 276992K, 53% used [0x0000000080000000,0x00000000891df910,0x0000000090e80000)
 Metaspace       used 85111K, capacity 89604K, committed 89984K, reserved 1128448K
  class space    used 10638K, capacity 11705K, committed 11904K, reserved 1048576K
}
Event: 5236.416 GC heap before
{Heap before GC invocations=41 (full 4):
 PSYoungGen      total 433664K, used 338504K [0x00000000d5580000, 0x00000000f7880000, 0x0000000100000000)
  eden space 312320K, 100% used [0x00000000d5580000,0x00000000e8680000,0x00000000e8680000)
  from space 121344K, 21% used [0x00000000f0200000,0x00000000f1b92138,0x00000000f7880000)
  to   space 123904K, 0% used [0x00000000e8680000,0x00000000e8680000,0x00000000eff80000)
 ParOldGen       total 276992K, used 149374K [0x0000000080000000, 0x0000000090e80000, 0x00000000d5580000)
  object space 276992K, 53% used [0x0000000080000000,0x00000000891df910,0x0000000090e80000)
 Metaspace       used 85341K, capacity 90030K, committed 90240K, reserved 1128448K
  class space    used 10665K, capacity 11774K, committed 11904K, reserved 1048576K
Event: 5236.465 GC heap after
Heap after GC invocations=41 (full 4):
 PSYoungGen      total 436224K, used 41895K [0x00000000d5580000, 0x00000000f8200000, 0x0000000100000000)
  eden space 312320K, 0% used [0x00000000d5580000,0x00000000d5580000,0x00000000e8680000)
  from space 123904K, 33% used [0x00000000e8680000,0x00000000eaf69d00,0x00000000eff80000)
  to   space 116224K, 0% used [0x00000000f1080000,0x00000000f1080000,0x00000000f8200000)
 ParOldGen       total 276992K, used 149382K [0x0000000080000000, 0x0000000090e80000, 0x00000000d5580000)
  object space 276992K, 53% used [0x0000000080000000,0x00000000891e1910,0x0000000090e80000)
 Metaspace       used 85341K, capacity 90030K, committed 90240K, reserved 1128448K
  class space    used 10665K, capacity 11774K, committed 11904K, reserved 1048576K
}
Event: 5343.019 GC heap before
{Heap before GC invocations=42 (full 4):
 PSYoungGen      total 436224K, used 354215K [0x00000000d5580000, 0x00000000f8200000, 0x0000000100000000)
  eden space 312320K, 100% used [0x00000000d5580000,0x00000000e8680000,0x00000000e8680000)
  from space 123904K, 33% used [0x00000000e8680000,0x00000000eaf69d00,0x00000000eff80000)
  to   space 116224K, 0% used [0x00000000f1080000,0x00000000f1080000,0x00000000f8200000)
 ParOldGen       total 276992K, used 149382K [0x0000000080000000, 0x0000000090e80000, 0x00000000d5580000)
  object space 276992K, 53% used [0x0000000080000000,0x00000000891e1910,0x0000000090e80000)
 Metaspace       used 85416K, capacity 90224K, committed 90496K, reserved 1128448K
  class space    used 10672K, capacity 11786K, committed 11904K, reserved 1048576K
Event: 5343.047 GC heap after
Heap after GC invocations=42 (full 4):
 PSYoungGen      total 438272K, used 13940K [0x00000000d5580000, 0x00000000f7780000, 0x0000000100000000)
  eden space 332800K, 0% used [0x00000000d5580000,0x00000000d5580000,0x00000000e9a80000)
  from space 105472K, 13% used [0x00000000f1080000,0x00000000f1e1d3e0,0x00000000f7780000)
  to   space 113152K, 0% used [0x00000000e9a80000,0x00000000e9a80000,0x00000000f0900000)
 ParOldGen       total 276992K, used 149382K [0x0000000080000000, 0x0000000090e80000, 0x00000000d5580000)
  object space 276992K, 53% used [0x0000000080000000,0x00000000891e1910,0x0000000090e80000)
 Metaspace       used 85416K, capacity 90224K, committed 90496K, reserved 1128448K
  class space    used 10672K, capacity 11786K, committed 11904K, reserved 1048576K
}
Event: 5348.009 GC heap before
{Heap before GC invocations=43 (full 4):
 PSYoungGen      total 438272K, used 346740K [0x00000000d5580000, 0x00000000f7780000, 0x0000000100000000)
  eden space 332800K, 100% used [0x00000000d5580000,0x00000000e9a80000,0x00000000e9a80000)
  from space 105472K, 13% used [0x00000000f1080000,0x00000000f1e1d3e0,0x00000000f7780000)
  to   space 113152K, 0% used [0x00000000e9a80000,0x00000000e9a80000,0x00000000f0900000)
 ParOldGen       total 276992K, used 149382K [0x0000000080000000, 0x0000000090e80000, 0x00000000d5580000)
  object space 276992K, 53% used [0x0000000080000000,0x00000000891e1910,0x0000000090e80000)
 Metaspace       used 85662K, capacity 90682K, committed 90880K, reserved 1128448K
  class space    used 10701K, capacity 11860K, committed 12032K, reserved 1048576K
Event: 5348.053 GC heap after
Heap after GC invocations=43 (full 4):
 PSYoungGen      total 445952K, used 81360K [0x00000000d5580000, 0x00000000fa080000, 0x0000000100000000)
  eden space 332800K, 0% used [0x00000000d5580000,0x00000000d5580000,0x00000000e9a80000)
  from space 113152K, 71% used [0x00000000e9a80000,0x00000000ee9f41e8,0x00000000f0900000)
  to   space 121856K, 0% used [0x00000000f2980000,0x00000000f2980000,0x00000000fa080000)
 ParOldGen       total 276992K, used 149390K [0x0000000080000000, 0x0000000090e80000, 0x00000000d5580000)
  object space 276992K, 53% used [0x0000000080000000,0x00000000891e3910,0x0000000090e80000)
 Metaspace       used 85662K, capacity 90682K, committed 90880K, reserved 1128448K
  class space    used 10701K, capacity 11860K, committed 12032K, reserved 1048576K
}

