# JRE version: OpenJDK Runtime Environment (8.0_152-b01) (build 1.8.0_152-release-915-b01)
# Java VM: OpenJDK 64-Bit Server VM (25.152-b01 mixed mode windows-amd64 compressed oops)
Heap:
 PSYoungGen      total 249856K, used 61951K [0x00000000d5580000, 0x00000000eba00000, 0x0000000100000000)
  eden space 162304K, 33% used [0x00000000d5580000,0x00000000d8aae0a8,0x00000000df400000)
  from space 87552K, 8% used [0x00000000df400000,0x00000000dfb51bb8,0x00000000e4980000)
  to   space 86016K, 0% used [0x00000000e6600000,0x00000000e6600000,0x00000000eba00000)
 ParOldGen       total 296448K, used 104989K [0x0000000080000000, 0x0000000092180000, 0x00000000d5580000)
  object space 296448K, 35% used [0x0000000080000000,0x00000000866874d8,0x0000000092180000)
 Metaspace       used 74990K, capacity 77892K, committed 78080K, reserved 1118208K
  class space    used 9434K, capacity 10140K, committed 10240K, reserved 1048576K
GC Heap History (10 events):
Event: 113.576 GC heap before
{Heap before GC invocations=25 (full 4):
 PSYoungGen      total 160256K, used 115200K [0x00000000d5580000, 0x00000000e9c80000, 0x0000000100000000)
  eden space 115200K, 100% used [0x00000000d5580000,0x00000000dc600000,0x00000000dc600000)
  from space 45056K, 0% used [0x00000000e1800000,0x00000000e1800000,0x00000000e4400000)
  to   space 83968K, 0% used [0x00000000dc600000,0x00000000dc600000,0x00000000e1800000)
 ParOldGen       total 296448K, used 100498K [0x0000000080000000, 0x0000000092180000, 0x00000000d5580000)
  object space 296448K, 33% used [0x0000000080000000,0x0000000086224b10,0x0000000092180000)
 Metaspace       used 69816K, capacity 71998K, committed 72448K, reserved 1112064K
  class space    used 8877K, capacity 9394K, committed 9472K, reserved 1048576K
Event: 113.594 GC heap after
Heap after GC invocations=25 (full 4):
 PSYoungGen      total 199168K, used 39892K [0x00000000d5580000, 0x00000000e8180000, 0x0000000100000000)
  eden space 115200K, 0% used [0x00000000d5580000,0x00000000d5580000,0x00000000dc600000)
  from space 83968K, 47% used [0x00000000dc600000,0x00000000decf52f0,0x00000000e1800000)
  to   space 82432K, 0% used [0x00000000e3100000,0x00000000e3100000,0x00000000e8180000)
 ParOldGen       total 296448K, used 100762K [0x0000000080000000, 0x0000000092180000, 0x00000000d5580000)
  object space 296448K, 33% used [0x0000000080000000,0x0000000086266b28,0x0000000092180000)
 Metaspace       used 69816K, capacity 71998K, committed 72448K, reserved 1112064K
  class space    used 8877K, capacity 9394K, committed 9472K, reserved 1048576K
}
Event: 114.794 GC heap before
{Heap before GC invocations=26 (full 4):
 PSYoungGen      total 199168K, used 155092K [0x00000000d5580000, 0x00000000e8180000, 0x0000000100000000)
  eden space 115200K, 100% used [0x00000000d5580000,0x00000000dc600000,0x00000000dc600000)
  from space 83968K, 47% used [0x00000000dc600000,0x00000000decf52f0,0x00000000e1800000)
  to   space 82432K, 0% used [0x00000000e3100000,0x00000000e3100000,0x00000000e8180000)
 ParOldGen       total 296448K, used 100762K [0x0000000080000000, 0x0000000092180000, 0x00000000d5580000)
  object space 296448K, 33% used [0x0000000080000000,0x0000000086266b28,0x0000000092180000)
 Metaspace       used 69878K, capacity 72062K, committed 72448K, reserved 1112064K
  class space    used 8877K, capacity 9394K, committed 9472K, reserved 1048576K
Event: 114.810 GC heap after
Heap after GC invocations=26 (full 4):
 PSYoungGen      total 219648K, used 4306K [0x00000000d5580000, 0x00000000e7e00000, 0x0000000100000000)
  eden space 140800K, 0% used [0x00000000d5580000,0x00000000d5580000,0x00000000ddf00000)
  from space 78848K, 5% used [0x00000000e3100000,0x00000000e3534970,0x00000000e7e00000)
  to   space 81408K, 0% used [0x00000000ddf00000,0x00000000ddf00000,0x00000000e2e80000)
 ParOldGen       total 296448K, used 100770K [0x0000000080000000, 0x0000000092180000, 0x00000000d5580000)
  object space 296448K, 33% used [0x0000000080000000,0x0000000086268b28,0x0000000092180000)
 Metaspace       used 69878K, capacity 72062K, committed 72448K, reserved 1112064K
  class space    used 8877K, capacity 9394K, committed 9472K, reserved 1048576K
}
Event: 115.712 GC heap before
{Heap before GC invocations=27 (full 4):
 PSYoungGen      total 219648K, used 145106K [0x00000000d5580000, 0x00000000e7e00000, 0x0000000100000000)
  eden space 140800K, 100% used [0x00000000d5580000,0x00000000ddf00000,0x00000000ddf00000)
  from space 78848K, 5% used [0x00000000e3100000,0x00000000e3534970,0x00000000e7e00000)
  to   space 81408K, 0% used [0x00000000ddf00000,0x00000000ddf00000,0x00000000e2e80000)
 ParOldGen       total 296448K, used 100770K [0x0000000080000000, 0x0000000092180000, 0x00000000d5580000)
  object space 296448K, 33% used [0x0000000080000000,0x0000000086268b28,0x0000000092180000)
 Metaspace       used 69918K, capacity 72094K, committed 72448K, reserved 1112064K
  class space    used 8883K, capacity 9402K, committed 9472K, reserved 1048576K
Event: 115.742 GC heap after
Heap after GC invocations=27 (full 4):
 PSYoungGen      total 222208K, used 27013K [0x00000000d5580000, 0x00000000e9400000, 0x0000000100000000)
  eden space 140800K, 0% used [0x00000000d5580000,0x00000000d5580000,0x00000000ddf00000)
  from space 81408K, 33% used [0x00000000ddf00000,0x00000000df9615a8,0x00000000e2e80000)
  to   space 76288K, 0% used [0x00000000e4980000,0x00000000e4980000,0x00000000e9400000)
 ParOldGen       total 296448K, used 100778K [0x0000000080000000, 0x0000000092180000, 0x00000000d5580000)
  object space 296448K, 33% used [0x0000000080000000,0x000000008626ab28,0x0000000092180000)
 Metaspace       used 69918K, capacity 72094K, committed 72448K, reserved 1112064K
  class space    used 8883K, capacity 9402K, committed 9472K, reserved 1048576K
}
Event: 117.937 GC heap before
{Heap before GC invocations=28 (full 4):
 PSYoungGen      total 222208K, used 163669K [0x00000000d5580000, 0x00000000e9400000, 0x0000000100000000)
  eden space 140800K, 97% used [0x00000000d5580000,0x00000000ddaf4210,0x00000000ddf00000)
  from space 81408K, 33% used [0x00000000ddf00000,0x00000000df9615a8,0x00000000e2e80000)
  to   space 76288K, 0% used [0x00000000e4980000,0x00000000e4980000,0x00000000e9400000)
 ParOldGen       total 296448K, used 100778K [0x0000000080000000, 0x0000000092180000, 0x00000000d5580000)
  object space 296448K, 33% used [0x0000000080000000,0x000000008626ab28,0x0000000092180000)
 Metaspace       used 69923K, capacity 72094K, committed 72448K, reserved 1112064K
  class space    used 8883K, capacity 9402K, committed 9472K, reserved 1048576K
Event: 118.096 GC heap after
Heap after GC invocations=28 (full 4):
 PSYoungGen      total 238592K, used 70969K [0x00000000d5580000, 0x00000000eaf00000, 0x0000000100000000)
  eden space 162304K, 0% used [0x00000000d5580000,0x00000000d5580000,0x00000000df400000)
  from space 76288K, 93% used [0x00000000e4980000,0x00000000e8ece560,0x00000000e9400000)
  to   space 87552K, 0% used [0x00000000df400000,0x00000000df400000,0x00000000e4980000)
 ParOldGen       total 296448K, used 100778K [0x0000000080000000, 0x0000000092180000, 0x00000000d5580000)
  object space 296448K, 33% used [0x0000000080000000,0x000000008626ab28,0x0000000092180000)
 Metaspace       used 69923K, capacity 72094K, committed 72448K, reserved 1112064K
  class space    used 8883K, capacity 9402K, committed 9472K, reserved 1048576K
}
Event: 130.533 GC heap before
{Heap before GC invocations=29 (full 4):
 PSYoungGen      total 238592K, used 233273K [0x00000000d5580000, 0x00000000eaf00000, 0x0000000100000000)
  eden space 162304K, 100% used [0x00000000d5580000,0x00000000df400000,0x00000000df400000)
  from space 76288K, 93% used [0x00000000e4980000,0x00000000e8ece560,0x00000000e9400000)
  to   space 87552K, 0% used [0x00000000df400000,0x00000000df400000,0x00000000e4980000)
 ParOldGen       total 296448K, used 100778K [0x0000000080000000, 0x0000000092180000, 0x00000000d5580000)
  object space 296448K, 33% used [0x0000000080000000,0x000000008626ab28,0x0000000092180000)
 Metaspace       used 74760K, capacity 77674K, committed 77824K, reserved 1116160K
  class space    used 9426K, capacity 10125K, committed 10240K, reserved 1048576K
Event: 130.676 GC heap after
Heap after GC invocations=29 (full 4):
 PSYoungGen      total 249856K, used 7494K [0x00000000d5580000, 0x00000000eba00000, 0x0000000100000000)
  eden space 162304K, 0% used [0x00000000d5580000,0x00000000d5580000,0x00000000df400000)
  from space 87552K, 8% used [0x00000000df400000,0x00000000dfb51bb8,0x00000000e4980000)
  to   space 86016K, 0% used [0x00000000e6600000,0x00000000e6600000,0x00000000eba00000)
 ParOldGen       total 296448K, used 104989K [0x0000000080000000, 0x0000000092180000, 0x00000000d5580000)
  object space 296448K, 35% used [0x0000000080000000,0x00000000866874d8,0x0000000092180000)
 Metaspace       used 74760K, capacity 77674K, committed 77824K, reserved 1116160K
  class space    used 9426K, capacity 10125K, committed 10240K, reserved 1048576K
}

