# JRE version: OpenJDK Runtime Environment (8.0_152-b01) (build 1.8.0_152-release-915-b01)
# Java VM: OpenJDK 64-Bit Server VM (25.152-b01 mixed mode windows-amd64 compressed oops)
Heap:
 PSYoungGen      total 185856K, used 165204K [0x00000000e0000000, 0x00000000f2280000, 0x0000000100000000)
  eden space 171008K, 87% used [0x00000000e0000000,0x00000000e92d89d8,0x00000000ea700000)
  from space 14848K, 99% used [0x00000000ea700000,0x00000000eb57c798,0x00000000eb580000)
  to   space 18432K, 0% used [0x00000000f1080000,0x00000000f1080000,0x00000000f2280000)
 ParOldGen       total 92672K, used 18765K [0x00000000a0000000, 0x00000000a5a80000, 0x00000000e0000000)
  object space 92672K, 20% used [0x00000000a0000000,0x00000000a1253408,0x00000000a5a80000)
 Metaspace       used 55927K, capacity 57800K, committed 57944K, reserved 1099776K
  class space    used 7531K, capacity 8059K, committed 8064K, reserved 1048576K
GC Heap History (10 events):
Event: 11.673 GC heap before
{Heap before GC invocations=5 (full 1):
 PSYoungGen      total 71680K, used 66560K [0x00000000e0000000, 0x00000000e8c00000, 0x0000000100000000)
  eden space 66560K, 100% used [0x00000000e0000000,0x00000000e4100000,0x00000000e4100000)
  from space 5120K, 0% used [0x00000000e4100000,0x00000000e4100000,0x00000000e4600000)
  to   space 5120K, 0% used [0x00000000e8700000,0x00000000e8700000,0x00000000e8c00000)
 ParOldGen       total 64512K, used 12046K [0x00000000a0000000, 0x00000000a3f00000, 0x00000000e0000000)
  object space 64512K, 18% used [0x00000000a0000000,0x00000000a0bc3ac8,0x00000000a3f00000)
 Metaspace       used 27086K, capacity 27608K, committed 27904K, reserved 1073152K
  class space    used 3652K, capacity 3827K, committed 3840K, reserved 1048576K
Event: 11.689 GC heap after
Heap after GC invocations=5 (full 1):
 PSYoungGen      total 113152K, used 5115K [0x00000000e0000000, 0x00000000e8c00000, 0x0000000100000000)
  eden space 108032K, 0% used [0x00000000e0000000,0x00000000e0000000,0x00000000e6980000)
  from space 5120K, 99% used [0x00000000e8700000,0x00000000e8bfed28,0x00000000e8c00000)
  to   space 5120K, 0% used [0x00000000e8200000,0x00000000e8200000,0x00000000e8700000)
 ParOldGen       total 64512K, used 15006K [0x00000000a0000000, 0x00000000a3f00000, 0x00000000e0000000)
  object space 64512K, 23% used [0x00000000a0000000,0x00000000a0ea7bc8,0x00000000a3f00000)
 Metaspace       used 27086K, capacity 27608K, committed 27904K, reserved 1073152K
  class space    used 3652K, capacity 3827K, committed 3840K, reserved 1048576K
}
Event: 16.516 GC heap before
{Heap before GC invocations=6 (full 1):
 PSYoungGen      total 113152K, used 113147K [0x00000000e0000000, 0x00000000e8c00000, 0x0000000100000000)
  eden space 108032K, 100% used [0x00000000e0000000,0x00000000e6980000,0x00000000e6980000)
  from space 5120K, 99% used [0x00000000e8700000,0x00000000e8bfed28,0x00000000e8c00000)
  to   space 5120K, 0% used [0x00000000e8200000,0x00000000e8200000,0x00000000e8700000)
 ParOldGen       total 64512K, used 15006K [0x00000000a0000000, 0x00000000a3f00000, 0x00000000e0000000)
  object space 64512K, 23% used [0x00000000a0000000,0x00000000a0ea7bc8,0x00000000a3f00000)
 Metaspace       used 34365K, capacity 35088K, committed 35200K, reserved 1079296K
  class space    used 4631K, capacity 4923K, committed 4992K, reserved 1048576K
Event: 16.543 GC heap after
Heap after GC invocations=6 (full 1):
 PSYoungGen      total 138240K, used 5112K [0x00000000e0000000, 0x00000000ec480000, 0x0000000100000000)
  eden space 133120K, 0% used [0x00000000e0000000,0x00000000e0000000,0x00000000e8200000)
  from space 5120K, 99% used [0x00000000e8200000,0x00000000e86fe0b0,0x00000000e8700000)
  to   space 15360K, 0% used [0x00000000eb580000,0x00000000eb580000,0x00000000ec480000)
 ParOldGen       total 64512K, used 22467K [0x00000000a0000000, 0x00000000a3f00000, 0x00000000e0000000)
  object space 64512K, 34% used [0x00000000a0000000,0x00000000a15f0ea8,0x00000000a3f00000)
 Metaspace       used 34365K, capacity 35088K, committed 35200K, reserved 1079296K
  class space    used 4631K, capacity 4923K, committed 4992K, reserved 1048576K
}
Event: 17.156 GC heap before
{Heap before GC invocations=7 (full 1):
 PSYoungGen      total 138240K, used 29661K [0x00000000e0000000, 0x00000000ec480000, 0x0000000100000000)
  eden space 133120K, 18% used [0x00000000e0000000,0x00000000e17f93c8,0x00000000e8200000)
  from space 5120K, 99% used [0x00000000e8200000,0x00000000e86fe0b0,0x00000000e8700000)
  to   space 15360K, 0% used [0x00000000eb580000,0x00000000eb580000,0x00000000ec480000)
 ParOldGen       total 64512K, used 22467K [0x00000000a0000000, 0x00000000a3f00000, 0x00000000e0000000)
  object space 64512K, 34% used [0x00000000a0000000,0x00000000a15f0ea8,0x00000000a3f00000)
 Metaspace       used 34551K, capacity 35280K, committed 35416K, reserved 1079296K
  class space    used 4636K, capacity 4923K, committed 4992K, reserved 1048576K
Event: 17.171 GC heap after
Heap after GC invocations=7 (full 1):
 PSYoungGen      total 186368K, used 5704K [0x00000000e0000000, 0x00000000eef00000, 0x0000000100000000)
  eden space 171008K, 0% used [0x00000000e0000000,0x00000000e0000000,0x00000000ea700000)
  from space 15360K, 37% used [0x00000000eb580000,0x00000000ebb120a0,0x00000000ec480000)
  to   space 14848K, 0% used [0x00000000ea700000,0x00000000ea700000,0x00000000eb580000)
 ParOldGen       total 64512K, used 22475K [0x00000000a0000000, 0x00000000a3f00000, 0x00000000e0000000)
  object space 64512K, 34% used [0x00000000a0000000,0x00000000a15f2ea8,0x00000000a3f00000)
 Metaspace       used 34551K, capacity 35280K, committed 35416K, reserved 1079296K
  class space    used 4636K, capacity 4923K, committed 4992K, reserved 1048576K
}
Event: 17.171 GC heap before
{Heap before GC invocations=8 (full 2):
 PSYoungGen      total 186368K, used 5704K [0x00000000e0000000, 0x00000000eef00000, 0x0000000100000000)
  eden space 171008K, 0% used [0x00000000e0000000,0x00000000e0000000,0x00000000ea700000)
  from space 15360K, 37% used [0x00000000eb580000,0x00000000ebb120a0,0x00000000ec480000)
  to   space 14848K, 0% used [0x00000000ea700000,0x00000000ea700000,0x00000000eb580000)
 ParOldGen       total 64512K, used 22475K [0x00000000a0000000, 0x00000000a3f00000, 0x00000000e0000000)
  object space 64512K, 34% used [0x00000000a0000000,0x00000000a15f2ea8,0x00000000a3f00000)
 Metaspace       used 34551K, capacity 35280K, committed 35416K, reserved 1079296K
  class space    used 4636K, capacity 4923K, committed 4992K, reserved 1048576K
Event: 17.342 GC heap after
Heap after GC invocations=8 (full 2):
 PSYoungGen      total 186368K, used 0K [0x00000000e0000000, 0x00000000eef00000, 0x0000000100000000)
  eden space 171008K, 0% used [0x00000000e0000000,0x00000000e0000000,0x00000000ea700000)
  from space 15360K, 0% used [0x00000000eb580000,0x00000000eb580000,0x00000000ec480000)
  to   space 14848K, 0% used [0x00000000ea700000,0x00000000ea700000,0x00000000eb580000)
 ParOldGen       total 92672K, used 16814K [0x00000000a0000000, 0x00000000a5a80000, 0x00000000e0000000)
  object space 92672K, 18% used [0x00000000a0000000,0x00000000a106bb38,0x00000000a5a80000)
 Metaspace       used 34500K, capacity 35148K, committed 35416K, reserved 1079296K
  class space    used 4623K, capacity 4879K, committed 4992K, reserved 1048576K
}
Event: 22.533 GC heap before
{Heap before GC invocations=9 (full 2):
 PSYoungGen      total 186368K, used 171008K [0x00000000e0000000, 0x00000000eef00000, 0x0000000100000000)
  eden space 171008K, 100% used [0x00000000e0000000,0x00000000ea700000,0x00000000ea700000)
  from space 15360K, 0% used [0x00000000eb580000,0x00000000eb580000,0x00000000ec480000)
  to   space 14848K, 0% used [0x00000000ea700000,0x00000000ea700000,0x00000000eb580000)
 ParOldGen       total 92672K, used 16814K [0x00000000a0000000, 0x00000000a5a80000, 0x00000000e0000000)
  object space 92672K, 18% used [0x00000000a0000000,0x00000000a106bb38,0x00000000a5a80000)
 Metaspace       used 45201K, capacity 46252K, committed 46552K, reserved 1089536K
  class space    used 5962K, capacity 6354K, committed 6400K, reserved 1048576K
Event: 22.645 GC heap after
Heap after GC invocations=9 (full 2):
 PSYoungGen      total 185856K, used 14833K [0x00000000e0000000, 0x00000000f2280000, 0x0000000100000000)
  eden space 171008K, 0% used [0x00000000e0000000,0x00000000e0000000,0x00000000ea700000)
  from space 14848K, 99% used [0x00000000ea700000,0x00000000eb57c798,0x00000000eb580000)
  to   space 18432K, 0% used [0x00000000f1080000,0x00000000f1080000,0x00000000f2280000)
 ParOldGen       total 92672K, used 18765K [0x00000000a0000000, 0x00000000a5a80000, 0x00000000e0000000)
  object space 92672K, 20% used [0x00000000a0000000,0x00000000a1253408,0x00000000a5a80000)
 Metaspace       used 45201K, capacity 46252K, committed 46552K, reserved 1089536K
  class space    used 5962K, capacity 6354K, committed 6400K, reserved 1048576K
}

