# JRE version: OpenJDK Runtime Environment (8.0_152-b01) (build 1.8.0_152-release-915-b01)
# Java VM: OpenJDK 64-Bit Server VM (25.152-b01 mixed mode windows-amd64 compressed oops)
Heap:
 PSYoungGen      total 79360K, used 58848K [0x00000000d5580000, 0x00000000dae00000, 0x0000000100000000)
  eden space 68096K, 86% used [0x00000000d5580000,0x00000000d8ef8368,0x00000000d9800000)
  from space 11264K, 0% used [0x00000000d9800000,0x00000000d9800000,0x00000000da300000)
  to   space 11264K, 0% used [0x00000000da300000,0x00000000da300000,0x00000000dae00000)
 ParOldGen       total 68096K, used 16373K [0x0000000080000000, 0x0000000084280000, 0x00000000d5580000)
  object space 68096K, 24% used [0x0000000080000000,0x0000000080ffd560,0x0000000084280000)
 Metaspace       used 38632K, capacity 39516K, committed 39680K, reserved 1083392K
  class space    used 5212K, capacity 5587K, committed 5632K, reserved 1048576K
GC Heap History (10 events):
Event: 9.228 GC heap before
{Heap before GC invocations=7 (full 1):
 PSYoungGen      total 38400K, used 36903K [0x00000000d5580000, 0x00000000d9880000, 0x0000000100000000)
  eden space 33280K, 100% used [0x00000000d5580000,0x00000000d7600000,0x00000000d7600000)
  from space 5120K, 70% used [0x00000000d7600000,0x00000000d7989f60,0x00000000d7b00000)
  to   space 11264K, 0% used [0x00000000d8d80000,0x00000000d8d80000,0x00000000d9880000)
 ParOldGen       total 68096K, used 8873K [0x0000000080000000, 0x0000000084280000, 0x00000000d5580000)
  object space 68096K, 13% used [0x0000000080000000,0x00000000808aa6f8,0x0000000084280000)
 Metaspace       used 26240K, capacity 26734K, committed 26880K, reserved 1073152K
  class space    used 3555K, capacity 3750K, committed 3840K, reserved 1048576K
Event: 9.236 GC heap after
Heap after GC invocations=7 (full 1):
 PSYoungGen      total 57344K, used 5364K [0x00000000d5580000, 0x00000000d9800000, 0x0000000100000000)
  eden space 46592K, 0% used [0x00000000d5580000,0x00000000d5580000,0x00000000d8300000)
  from space 10752K, 49% used [0x00000000d8d80000,0x00000000d92bd060,0x00000000d9800000)
  to   space 10752K, 0% used [0x00000000d8300000,0x00000000d8300000,0x00000000d8d80000)
 ParOldGen       total 68096K, used 8873K [0x0000000080000000, 0x0000000084280000, 0x00000000d5580000)
  object space 68096K, 13% used [0x0000000080000000,0x00000000808aa6f8,0x0000000084280000)
 Metaspace       used 26240K, capacity 26734K, committed 26880K, reserved 1073152K
  class space    used 3555K, capacity 3750K, committed 3840K, reserved 1048576K
}
Event: 10.344 GC heap before
{Heap before GC invocations=8 (full 1):
 PSYoungGen      total 57344K, used 51956K [0x00000000d5580000, 0x00000000d9800000, 0x0000000100000000)
  eden space 46592K, 100% used [0x00000000d5580000,0x00000000d8300000,0x00000000d8300000)
  from space 10752K, 49% used [0x00000000d8d80000,0x00000000d92bd060,0x00000000d9800000)
  to   space 10752K, 0% used [0x00000000d8300000,0x00000000d8300000,0x00000000d8d80000)
 ParOldGen       total 68096K, used 8873K [0x0000000080000000, 0x0000000084280000, 0x00000000d5580000)
  object space 68096K, 13% used [0x0000000080000000,0x00000000808aa6f8,0x0000000084280000)
 Metaspace       used 29035K, capacity 29674K, committed 29952K, reserved 1075200K
  class space    used 4068K, capacity 4324K, committed 4352K, reserved 1048576K
Event: 10.361 GC heap after
Heap after GC invocations=8 (full 1):
 PSYoungGen      total 57344K, used 8465K [0x00000000d5580000, 0x00000000dae00000, 0x0000000100000000)
  eden space 46592K, 0% used [0x00000000d5580000,0x00000000d5580000,0x00000000d8300000)
  from space 10752K, 78% used [0x00000000d8300000,0x00000000d8b44630,0x00000000d8d80000)
  to   space 11264K, 0% used [0x00000000da300000,0x00000000da300000,0x00000000dae00000)
 ParOldGen       total 68096K, used 8881K [0x0000000080000000, 0x0000000084280000, 0x00000000d5580000)
  object space 68096K, 13% used [0x0000000080000000,0x00000000808ac6f8,0x0000000084280000)
 Metaspace       used 29035K, capacity 29674K, committed 29952K, reserved 1075200K
  class space    used 4068K, capacity 4324K, committed 4352K, reserved 1048576K
}
Event: 11.179 GC heap before
{Heap before GC invocations=9 (full 1):
 PSYoungGen      total 57344K, used 55057K [0x00000000d5580000, 0x00000000dae00000, 0x0000000100000000)
  eden space 46592K, 100% used [0x00000000d5580000,0x00000000d8300000,0x00000000d8300000)
  from space 10752K, 78% used [0x00000000d8300000,0x00000000d8b44630,0x00000000d8d80000)
  to   space 11264K, 0% used [0x00000000da300000,0x00000000da300000,0x00000000dae00000)
 ParOldGen       total 68096K, used 8881K [0x0000000080000000, 0x0000000084280000, 0x00000000d5580000)
  object space 68096K, 13% used [0x0000000080000000,0x00000000808ac6f8,0x0000000084280000)
 Metaspace       used 31424K, capacity 32074K, committed 32256K, reserved 1077248K
  class space    used 4305K, capacity 4548K, committed 4608K, reserved 1048576K
Event: 11.188 GC heap after
Heap after GC invocations=9 (full 1):
 PSYoungGen      total 79360K, used 7914K [0x00000000d5580000, 0x00000000dae00000, 0x0000000100000000)
  eden space 68096K, 0% used [0x00000000d5580000,0x00000000d5580000,0x00000000d9800000)
  from space 11264K, 70% used [0x00000000da300000,0x00000000daababb8,0x00000000dae00000)
  to   space 11264K, 0% used [0x00000000d9800000,0x00000000d9800000,0x00000000da300000)
 ParOldGen       total 68096K, used 8889K [0x0000000080000000, 0x0000000084280000, 0x00000000d5580000)
  object space 68096K, 13% used [0x0000000080000000,0x00000000808ae6f8,0x0000000084280000)
 Metaspace       used 31424K, capacity 32074K, committed 32256K, reserved 1077248K
  class space    used 4305K, capacity 4548K, committed 4608K, reserved 1048576K
}
Event: 11.995 GC heap before
{Heap before GC invocations=10 (full 1):
 PSYoungGen      total 79360K, used 45973K [0x00000000d5580000, 0x00000000dae00000, 0x0000000100000000)
  eden space 68096K, 55% used [0x00000000d5580000,0x00000000d7aaaa48,0x00000000d9800000)
  from space 11264K, 70% used [0x00000000da300000,0x00000000daababb8,0x00000000dae00000)
  to   space 11264K, 0% used [0x00000000d9800000,0x00000000d9800000,0x00000000da300000)
 ParOldGen       total 68096K, used 8889K [0x0000000080000000, 0x0000000084280000, 0x00000000d5580000)
  object space 68096K, 13% used [0x0000000080000000,0x00000000808ae6f8,0x0000000084280000)
 Metaspace       used 34483K, capacity 35304K, committed 35416K, reserved 1079296K
  class space    used 4700K, capacity 5034K, committed 5120K, reserved 1048576K
Event: 12.005 GC heap after
Heap after GC invocations=10 (full 1):
 PSYoungGen      total 79360K, used 10399K [0x00000000d5580000, 0x00000000dae00000, 0x0000000100000000)
  eden space 68096K, 0% used [0x00000000d5580000,0x00000000d5580000,0x00000000d9800000)
  from space 11264K, 92% used [0x00000000d9800000,0x00000000da227fc0,0x00000000da300000)
  to   space 11264K, 0% used [0x00000000da300000,0x00000000da300000,0x00000000dae00000)
 ParOldGen       total 68096K, used 8961K [0x0000000080000000, 0x0000000084280000, 0x00000000d5580000)
  object space 68096K, 13% used [0x0000000080000000,0x00000000808c0708,0x0000000084280000)
 Metaspace       used 34483K, capacity 35304K, committed 35416K, reserved 1079296K
  class space    used 4700K, capacity 5034K, committed 5120K, reserved 1048576K
}
Event: 12.005 GC heap before
{Heap before GC invocations=11 (full 2):
 PSYoungGen      total 79360K, used 10399K [0x00000000d5580000, 0x00000000dae00000, 0x0000000100000000)
  eden space 68096K, 0% used [0x00000000d5580000,0x00000000d5580000,0x00000000d9800000)
  from space 11264K, 92% used [0x00000000d9800000,0x00000000da227fc0,0x00000000da300000)
  to   space 11264K, 0% used [0x00000000da300000,0x00000000da300000,0x00000000dae00000)
 ParOldGen       total 68096K, used 8961K [0x0000000080000000, 0x0000000084280000, 0x00000000d5580000)
  object space 68096K, 13% used [0x0000000080000000,0x00000000808c0708,0x0000000084280000)
 Metaspace       used 34483K, capacity 35304K, committed 35416K, reserved 1079296K
  class space    used 4700K, capacity 5034K, committed 5120K, reserved 1048576K
Event: 12.089 GC heap after
Heap after GC invocations=11 (full 2):
 PSYoungGen      total 79360K, used 0K [0x00000000d5580000, 0x00000000dae00000, 0x0000000100000000)
  eden space 68096K, 0% used [0x00000000d5580000,0x00000000d5580000,0x00000000d9800000)
  from space 11264K, 0% used [0x00000000d9800000,0x00000000d9800000,0x00000000da300000)
  to   space 11264K, 0% used [0x00000000da300000,0x00000000da300000,0x00000000dae00000)
 ParOldGen       total 68096K, used 16373K [0x0000000080000000, 0x0000000084280000, 0x00000000d5580000)
  object space 68096K, 24% used [0x0000000080000000,0x0000000080ffd560,0x0000000084280000)
 Metaspace       used 34483K, capacity 35304K, committed 35416K, reserved 1079296K
  class space    used 4700K, capacity 5034K, committed 5120K, reserved 1048576K
}

