# JRE version: OpenJDK Runtime Environment (8.0_152-b01) (build 1.8.0_152-release-915-b01)
# Java VM: OpenJDK 64-Bit Server VM (25.152-b01 mixed mode windows-amd64 compressed oops)
Heap:
 PSYoungGen      total 172544K, used 7804K [0x00000000d5580000, 0x00000000e3880000, 0x0000000100000000)
  eden space 150528K, 5% used [0x00000000d5580000,0x00000000d5d1f370,0x00000000de880000)
  from space 22016K, 0% used [0x00000000de880000,0x00000000de880000,0x00000000dfe00000)
  to   space 20992K, 0% used [0x00000000e2400000,0x00000000e2400000,0x00000000e3880000)
 ParOldGen       total 88576K, used 49498K [0x0000000080000000, 0x0000000085680000, 0x00000000d5580000)
  object space 88576K, 55% used [0x0000000080000000,0x00000000830569c8,0x0000000085680000)
 Metaspace       used 57272K, capacity 59852K, committed 60032K, reserved 1101824K
  class space    used 7842K, capacity 8522K, committed 8576K, reserved 1048576K
GC Heap History (10 events):
Event: 11.552 GC heap before
{Heap before GC invocations=12 (full 2):
 PSYoungGen      total 105984K, used 94208K [0x00000000d5580000, 0x00000000df100000, 0x0000000100000000)
  eden space 94208K, 100% used [0x00000000d5580000,0x00000000db180000,0x00000000db180000)
  from space 11776K, 0% used [0x00000000db180000,0x00000000db180000,0x00000000dbd00000)
  to   space 11264K, 0% used [0x00000000de600000,0x00000000de600000,0x00000000df100000)
 ParOldGen       total 88576K, used 16032K [0x0000000080000000, 0x0000000085680000, 0x00000000d5580000)
  object space 88576K, 18% used [0x0000000080000000,0x0000000080fa80b0,0x0000000085680000)
 Metaspace       used 41511K, capacity 42424K, committed 42624K, reserved 1085440K
  class space    used 5545K, capacity 5903K, committed 6016K, reserved 1048576K
Event: 11.567 GC heap after
Heap after GC invocations=12 (full 2):
 PSYoungGen      total 133120K, used 10293K [0x00000000d5580000, 0x00000000df080000, 0x0000000100000000)
  eden space 122368K, 0% used [0x00000000d5580000,0x00000000d5580000,0x00000000dcd00000)
  from space 10752K, 95% used [0x00000000de600000,0x00000000df00d748,0x00000000df080000)
  to   space 12288K, 0% used [0x00000000dd880000,0x00000000dd880000,0x00000000de480000)
 ParOldGen       total 88576K, used 16040K [0x0000000080000000, 0x0000000085680000, 0x00000000d5580000)
  object space 88576K, 18% used [0x0000000080000000,0x0000000080faa0b0,0x0000000085680000)
 Metaspace       used 41511K, capacity 42424K, committed 42624K, reserved 1085440K
  class space    used 5545K, capacity 5903K, committed 6016K, reserved 1048576K
}
Event: 15.014 GC heap before
{Heap before GC invocations=13 (full 2):
 PSYoungGen      total 133120K, used 132661K [0x00000000d5580000, 0x00000000df080000, 0x0000000100000000)
  eden space 122368K, 100% used [0x00000000d5580000,0x00000000dcd00000,0x00000000dcd00000)
  from space 10752K, 95% used [0x00000000de600000,0x00000000df00d748,0x00000000df080000)
  to   space 12288K, 0% used [0x00000000dd880000,0x00000000dd880000,0x00000000de480000)
 ParOldGen       total 88576K, used 16040K [0x0000000080000000, 0x0000000085680000, 0x00000000d5580000)
  object space 88576K, 18% used [0x0000000080000000,0x0000000080faa0b0,0x0000000085680000)
 Metaspace       used 50743K, capacity 52374K, committed 52480K, reserved 1093632K
  class space    used 6871K, capacity 7338K, committed 7424K, reserved 1048576K
Event: 15.044 GC heap after
Heap after GC invocations=13 (full 2):
 PSYoungGen      total 146432K, used 12270K [0x00000000d5580000, 0x00000000e0d00000, 0x0000000100000000)
  eden space 134144K, 0% used [0x00000000d5580000,0x00000000d5580000,0x00000000dd880000)
  from space 12288K, 99% used [0x00000000dd880000,0x00000000de47bbc8,0x00000000de480000)
  to   space 15360K, 0% used [0x00000000dfe00000,0x00000000dfe00000,0x00000000e0d00000)
 ParOldGen       total 88576K, used 21395K [0x0000000080000000, 0x0000000085680000, 0x00000000d5580000)
  object space 88576K, 24% used [0x0000000080000000,0x00000000814e4e90,0x0000000085680000)
 Metaspace       used 50743K, capacity 52374K, committed 52480K, reserved 1093632K
  class space    used 6871K, capacity 7338K, committed 7424K, reserved 1048576K
}
Event: 17.819 GC heap before
{Heap before GC invocations=14 (full 2):
 PSYoungGen      total 146432K, used 146414K [0x00000000d5580000, 0x00000000e0d00000, 0x0000000100000000)
  eden space 134144K, 100% used [0x00000000d5580000,0x00000000dd880000,0x00000000dd880000)
  from space 12288K, 99% used [0x00000000dd880000,0x00000000de47bbc8,0x00000000de480000)
  to   space 15360K, 0% used [0x00000000dfe00000,0x00000000dfe00000,0x00000000e0d00000)
 ParOldGen       total 88576K, used 21395K [0x0000000080000000, 0x0000000085680000, 0x00000000d5580000)
  object space 88576K, 24% used [0x0000000080000000,0x00000000814e4e90,0x0000000085680000)
 Metaspace       used 54658K, capacity 56882K, committed 57088K, reserved 1097728K
  class space    used 7541K, capacity 8158K, committed 8192K, reserved 1048576K
Event: 17.858 GC heap after
Heap after GC invocations=14 (full 2):
 PSYoungGen      total 165888K, used 15328K [0x00000000d5580000, 0x00000000e2980000, 0x0000000100000000)
  eden space 150528K, 0% used [0x00000000d5580000,0x00000000d5580000,0x00000000de880000)
  from space 15360K, 99% used [0x00000000dfe00000,0x00000000e0cf8258,0x00000000e0d00000)
  to   space 22016K, 0% used [0x00000000de880000,0x00000000de880000,0x00000000dfe00000)
 ParOldGen       total 88576K, used 33978K [0x0000000080000000, 0x0000000085680000, 0x00000000d5580000)
  object space 88576K, 38% used [0x0000000080000000,0x000000008212e878,0x0000000085680000)
 Metaspace       used 54658K, capacity 56882K, committed 57088K, reserved 1097728K
  class space    used 7541K, capacity 8158K, committed 8192K, reserved 1048576K
}
Event: 21.438 GC heap before
{Heap before GC invocations=15 (full 2):
 PSYoungGen      total 165888K, used 128781K [0x00000000d5580000, 0x00000000e2980000, 0x0000000100000000)
  eden space 150528K, 75% used [0x00000000d5580000,0x00000000dc44b328,0x00000000de880000)
  from space 15360K, 99% used [0x00000000dfe00000,0x00000000e0cf8258,0x00000000e0d00000)
  to   space 22016K, 0% used [0x00000000de880000,0x00000000de880000,0x00000000dfe00000)
 ParOldGen       total 88576K, used 33978K [0x0000000080000000, 0x0000000085680000, 0x00000000d5580000)
  object space 88576K, 38% used [0x0000000080000000,0x000000008212e878,0x0000000085680000)
 Metaspace       used 56585K, capacity 58976K, committed 59028K, reserved 1099776K
  class space    used 7759K, capacity 8396K, committed 8448K, reserved 1048576K
Event: 21.457 GC heap after
Heap after GC invocations=15 (full 2):
 PSYoungGen      total 172544K, used 9481K [0x00000000d5580000, 0x00000000e3880000, 0x0000000100000000)
  eden space 150528K, 0% used [0x00000000d5580000,0x00000000d5580000,0x00000000de880000)
  from space 22016K, 43% used [0x00000000de880000,0x00000000df1c2470,0x00000000dfe00000)
  to   space 20992K, 0% used [0x00000000e2400000,0x00000000e2400000,0x00000000e3880000)
 ParOldGen       total 88576K, used 47814K [0x0000000080000000, 0x0000000085680000, 0x00000000d5580000)
  object space 88576K, 53% used [0x0000000080000000,0x0000000082eb1aa0,0x0000000085680000)
 Metaspace       used 56585K, capacity 58976K, committed 59028K, reserved 1099776K
  class space    used 7759K, capacity 8396K, committed 8448K, reserved 1048576K
}
Event: 21.457 GC heap before
{Heap before GC invocations=16 (full 3):
 PSYoungGen      total 172544K, used 9481K [0x00000000d5580000, 0x00000000e3880000, 0x0000000100000000)
  eden space 150528K, 0% used [0x00000000d5580000,0x00000000d5580000,0x00000000de880000)
  from space 22016K, 43% used [0x00000000de880000,0x00000000df1c2470,0x00000000dfe00000)
  to   space 20992K, 0% used [0x00000000e2400000,0x00000000e2400000,0x00000000e3880000)
 ParOldGen       total 88576K, used 47814K [0x0000000080000000, 0x0000000085680000, 0x00000000d5580000)
  object space 88576K, 53% used [0x0000000080000000,0x0000000082eb1aa0,0x0000000085680000)
 Metaspace       used 56585K, capacity 58976K, committed 59028K, reserved 1099776K
  class space    used 7759K, capacity 8396K, committed 8448K, reserved 1048576K
Event: 21.924 GC heap after
Heap after GC invocations=16 (full 3):
 PSYoungGen      total 172544K, used 0K [0x00000000d5580000, 0x00000000e3880000, 0x0000000100000000)
  eden space 150528K, 0% used [0x00000000d5580000,0x00000000d5580000,0x00000000de880000)
  from space 22016K, 0% used [0x00000000de880000,0x00000000de880000,0x00000000dfe00000)
  to   space 20992K, 0% used [0x00000000e2400000,0x00000000e2400000,0x00000000e3880000)
 ParOldGen       total 88576K, used 49498K [0x0000000080000000, 0x0000000085680000, 0x00000000d5580000)
  object space 88576K, 55% used [0x0000000080000000,0x00000000830569c8,0x0000000085680000)
 Metaspace       used 56585K, capacity 58976K, committed 59028K, reserved 1099776K
  class space    used 7759K, capacity 8396K, committed 8448K, reserved 1048576K
}

