# JRE version: OpenJDK Runtime Environment (8.0_152-b01) (build 1.8.0_152-release-915-b01)
# Java VM: OpenJDK 64-Bit Server VM (25.152-b01 mixed mode windows-amd64 compressed oops)
Heap:
 PSYoungGen      total 57344K, used 22272K [0x00000000d5580000, 0x00000000d9c80000, 0x0000000100000000)
  eden space 51200K, 35% used [0x00000000d5580000,0x00000000d6759c08,0x00000000d8780000)
  from space 6144K, 64% used [0x00000000d9680000,0x00000000d9a66430,0x00000000d9c80000)
  to   space 10752K, 0% used [0x00000000d8780000,0x00000000d8780000,0x00000000d9200000)
 ParOldGen       total 62976K, used 15602K [0x0000000080000000, 0x0000000083d80000, 0x00000000d5580000)
  object space 62976K, 24% used [0x0000000080000000,0x0000000080f3c9f8,0x0000000083d80000)
 Metaspace       used 38469K, capacity 39356K, committed 39680K, reserved 1083392K
  class space    used 5189K, capacity 5555K, committed 5632K, reserved 1048576K
GC Heap History (10 events):
Event: 11.639 GC heap before
{Heap before GC invocations=10 (full 1):
 PSYoungGen      total 32768K, used 32752K [0x00000000d5580000, 0x00000000da000000, 0x0000000100000000)
  eden space 27648K, 100% used [0x00000000d5580000,0x00000000d7080000,0x00000000d7080000)
  from space 5120K, 99% used [0x00000000d7b00000,0x00000000d7ffc040,0x00000000d8000000)
  to   space 10752K, 0% used [0x00000000d7080000,0x00000000d7080000,0x00000000d7b00000)
 ParOldGen       total 62976K, used 13572K [0x0000000080000000, 0x0000000083d80000, 0x00000000d5580000)
  object space 62976K, 21% used [0x0000000080000000,0x0000000080d413f0,0x0000000083d80000)
 Metaspace       used 31399K, capacity 32074K, committed 32256K, reserved 1077248K
  class space    used 4303K, capacity 4548K, committed 4608K, reserved 1048576K
Event: 11.651 GC heap after
Heap after GC invocations=10 (full 1):
 PSYoungGen      total 38400K, used 3392K [0x00000000d5580000, 0x00000000d9100000, 0x0000000100000000)
  eden space 27648K, 0% used [0x00000000d5580000,0x00000000d5580000,0x00000000d7080000)
  from space 10752K, 31% used [0x00000000d7080000,0x00000000d73d0030,0x00000000d7b00000)
  to   space 10752K, 0% used [0x00000000d8680000,0x00000000d8680000,0x00000000d9100000)
 ParOldGen       total 62976K, used 16215K [0x0000000080000000, 0x0000000083d80000, 0x00000000d5580000)
  object space 62976K, 25% used [0x0000000080000000,0x0000000080fd5d08,0x0000000083d80000)
 Metaspace       used 31399K, capacity 32074K, committed 32256K, reserved 1077248K
  class space    used 4303K, capacity 4548K, committed 4608K, reserved 1048576K
}
Event: 12.292 GC heap before
{Heap before GC invocations=11 (full 1):
 PSYoungGen      total 38400K, used 31040K [0x00000000d5580000, 0x00000000d9100000, 0x0000000100000000)
  eden space 27648K, 100% used [0x00000000d5580000,0x00000000d7080000,0x00000000d7080000)
  from space 10752K, 31% used [0x00000000d7080000,0x00000000d73d0030,0x00000000d7b00000)
  to   space 10752K, 0% used [0x00000000d8680000,0x00000000d8680000,0x00000000d9100000)
 ParOldGen       total 62976K, used 16215K [0x0000000080000000, 0x0000000083d80000, 0x00000000d5580000)
  object space 62976K, 25% used [0x0000000080000000,0x0000000080fd5d08,0x0000000083d80000)
 Metaspace       used 32434K, capacity 33214K, committed 33536K, reserved 1077248K
  class space    used 4439K, capacity 4759K, committed 4864K, reserved 1048576K
Event: 12.300 GC heap after
Heap after GC invocations=11 (full 1):
 PSYoungGen      total 49152K, used 2837K [0x00000000d5580000, 0x00000000d9080000, 0x0000000100000000)
  eden space 38912K, 0% used [0x00000000d5580000,0x00000000d5580000,0x00000000d7b80000)
  from space 10240K, 27% used [0x00000000d8680000,0x00000000d8945750,0x00000000d9080000)
  to   space 10752K, 0% used [0x00000000d7b80000,0x00000000d7b80000,0x00000000d8600000)
 ParOldGen       total 62976K, used 18687K [0x0000000080000000, 0x0000000083d80000, 0x00000000d5580000)
  object space 62976K, 29% used [0x0000000080000000,0x000000008123fd48,0x0000000083d80000)
 Metaspace       used 32434K, capacity 33214K, committed 33536K, reserved 1077248K
  class space    used 4439K, capacity 4759K, committed 4864K, reserved 1048576K
}
Event: 12.579 GC heap before
{Heap before GC invocations=12 (full 1):
 PSYoungGen      total 49152K, used 13514K [0x00000000d5580000, 0x00000000d9080000, 0x0000000100000000)
  eden space 38912K, 27% used [0x00000000d5580000,0x00000000d5fed0c0,0x00000000d7b80000)
  from space 10240K, 27% used [0x00000000d8680000,0x00000000d8945750,0x00000000d9080000)
  to   space 10752K, 0% used [0x00000000d7b80000,0x00000000d7b80000,0x00000000d8600000)
 ParOldGen       total 62976K, used 18687K [0x0000000080000000, 0x0000000083d80000, 0x00000000d5580000)
  object space 62976K, 29% used [0x0000000080000000,0x000000008123fd48,0x0000000083d80000)
 Metaspace       used 34550K, capacity 35304K, committed 35416K, reserved 1079296K
  class space    used 4710K, capacity 5034K, committed 5120K, reserved 1048576K
Event: 12.585 GC heap after
Heap after GC invocations=12 (full 1):
 PSYoungGen      total 49664K, used 1772K [0x00000000d5580000, 0x00000000da180000, 0x0000000100000000)
  eden space 38912K, 0% used [0x00000000d5580000,0x00000000d5580000,0x00000000d7b80000)
  from space 10752K, 16% used [0x00000000d7b80000,0x00000000d7d3b0d8,0x00000000d8600000)
  to   space 11264K, 0% used [0x00000000d9680000,0x00000000d9680000,0x00000000da180000)
 ParOldGen       total 62976K, used 20532K [0x0000000080000000, 0x0000000083d80000, 0x00000000d5580000)
  object space 62976K, 32% used [0x0000000080000000,0x000000008140d000,0x0000000083d80000)
 Metaspace       used 34550K, capacity 35304K, committed 35416K, reserved 1079296K
  class space    used 4710K, capacity 5034K, committed 5120K, reserved 1048576K
}
Event: 12.585 GC heap before
{Heap before GC invocations=13 (full 2):
 PSYoungGen      total 49664K, used 1772K [0x00000000d5580000, 0x00000000da180000, 0x0000000100000000)
  eden space 38912K, 0% used [0x00000000d5580000,0x00000000d5580000,0x00000000d7b80000)
  from space 10752K, 16% used [0x00000000d7b80000,0x00000000d7d3b0d8,0x00000000d8600000)
  to   space 11264K, 0% used [0x00000000d9680000,0x00000000d9680000,0x00000000da180000)
 ParOldGen       total 62976K, used 20532K [0x0000000080000000, 0x0000000083d80000, 0x00000000d5580000)
  object space 62976K, 32% used [0x0000000080000000,0x000000008140d000,0x0000000083d80000)
 Metaspace       used 34550K, capacity 35304K, committed 35416K, reserved 1079296K
  class space    used 4710K, capacity 5034K, committed 5120K, reserved 1048576K
Event: 12.692 GC heap after
Heap after GC invocations=13 (full 2):
 PSYoungGen      total 49664K, used 0K [0x00000000d5580000, 0x00000000da180000, 0x0000000100000000)
  eden space 38912K, 0% used [0x00000000d5580000,0x00000000d5580000,0x00000000d7b80000)
  from space 10752K, 0% used [0x00000000d7b80000,0x00000000d7b80000,0x00000000d8600000)
  to   space 11264K, 0% used [0x00000000d9680000,0x00000000d9680000,0x00000000da180000)
 ParOldGen       total 62976K, used 15602K [0x0000000080000000, 0x0000000083d80000, 0x00000000d5580000)
  object space 62976K, 24% used [0x0000000080000000,0x0000000080f3c9f8,0x0000000083d80000)
 Metaspace       used 34550K, capacity 35304K, committed 35416K, reserved 1079296K
  class space    used 4710K, capacity 5034K, committed 5120K, reserved 1048576K
}
Event: 13.623 GC heap before
{Heap before GC invocations=14 (full 2):
 PSYoungGen      total 49664K, used 38912K [0x00000000d5580000, 0x00000000da180000, 0x0000000100000000)
  eden space 38912K, 100% used [0x00000000d5580000,0x00000000d7b80000,0x00000000d7b80000)
  from space 10752K, 0% used [0x00000000d7b80000,0x00000000d7b80000,0x00000000d8600000)
  to   space 11264K, 0% used [0x00000000d9680000,0x00000000d9680000,0x00000000da180000)
 ParOldGen       total 62976K, used 15602K [0x0000000080000000, 0x0000000083d80000, 0x00000000d5580000)
  object space 62976K, 24% used [0x0000000080000000,0x0000000080f3c9f8,0x0000000083d80000)
 Metaspace       used 38346K, capacity 39228K, committed 39424K, reserved 1083392K
  class space    used 5183K, capacity 5555K, committed 5632K, reserved 1048576K
Event: 13.634 GC heap after
Heap after GC invocations=14 (full 2):
 PSYoungGen      total 57344K, used 3993K [0x00000000d5580000, 0x00000000d9c80000, 0x0000000100000000)
  eden space 51200K, 0% used [0x00000000d5580000,0x00000000d5580000,0x00000000d8780000)
  from space 6144K, 64% used [0x00000000d9680000,0x00000000d9a66430,0x00000000d9c80000)
  to   space 10752K, 0% used [0x00000000d8780000,0x00000000d8780000,0x00000000d9200000)
 ParOldGen       total 62976K, used 15602K [0x0000000080000000, 0x0000000083d80000, 0x00000000d5580000)
  object space 62976K, 24% used [0x0000000080000000,0x0000000080f3c9f8,0x0000000083d80000)
 Metaspace       used 38346K, capacity 39228K, committed 39424K, reserved 1083392K
  class space    used 5183K, capacity 5555K, committed 5632K, reserved 1048576K
}

