# JRE version: OpenJDK Runtime Environment (8.0_152-b01) (build 1.8.0_152-release-915-b01)
# Java VM: OpenJDK 64-Bit Server VM (25.152-b01 mixed mode windows-amd64 compressed oops)
Heap:
 PSYoungGen      total 101888K, used 76282K [0x00000000d5580000, 0x00000000dca80000, 0x0000000100000000)
  eden space 94720K, 73% used [0x00000000d5580000,0x00000000d9938ad0,0x00000000db200000)
  from space 7168K, 96% used [0x00000000dc380000,0x00000000dca46128,0x00000000dca80000)
  to   space 10752K, 0% used [0x00000000db580000,0x00000000db580000,0x00000000dc000000)
 ParOldGen       total 66048K, used 15184K [0x0000000080000000, 0x0000000084080000, 0x00000000d5580000)
  object space 66048K, 22% used [0x0000000080000000,0x0000000080ed4100,0x0000000084080000)
 Metaspace       used 44209K, capacity 45108K, committed 45272K, reserved 1087488K
  class space    used 5972K, capacity 6273K, committed 6400K, reserved 1048576K
GC Heap History (10 events):
Event: 13.707 GC heap before
{Heap before GC invocations=8 (full 1):
 PSYoungGen      total 60416K, used 54927K [0x00000000d5580000, 0x00000000d9b00000, 0x0000000100000000)
  eden space 49664K, 100% used [0x00000000d5580000,0x00000000d8600000,0x00000000d8600000)
  from space 10752K, 48% used [0x00000000d9080000,0x00000000d95a3dc8,0x00000000d9b00000)
  to   space 10752K, 0% used [0x00000000d8600000,0x00000000d8600000,0x00000000d9080000)
 ParOldGen       total 66048K, used 9019K [0x0000000080000000, 0x0000000084080000, 0x00000000d5580000)
  object space 66048K, 13% used [0x0000000080000000,0x00000000808cef50,0x0000000084080000)
 Metaspace       used 29806K, capacity 30214K, committed 30464K, reserved 1075200K
  class space    used 4074K, capacity 4234K, committed 4352K, reserved 1048576K
Event: 13.725 GC heap after
Heap after GC invocations=8 (full 1):
 PSYoungGen      total 60416K, used 7196K [0x00000000d5580000, 0x00000000db400000, 0x0000000100000000)
  eden space 49664K, 0% used [0x00000000d5580000,0x00000000d5580000,0x00000000d8600000)
  from space 10752K, 66% used [0x00000000d8600000,0x00000000d8d070f0,0x00000000d9080000)
  to   space 10752K, 0% used [0x00000000da980000,0x00000000da980000,0x00000000db400000)
 ParOldGen       total 66048K, used 9027K [0x0000000080000000, 0x0000000084080000, 0x00000000d5580000)
  object space 66048K, 13% used [0x0000000080000000,0x00000000808d0f50,0x0000000084080000)
 Metaspace       used 29806K, capacity 30214K, committed 30464K, reserved 1075200K
  class space    used 4074K, capacity 4234K, committed 4352K, reserved 1048576K
}
Event: 15.201 GC heap before
{Heap before GC invocations=9 (full 1):
 PSYoungGen      total 60416K, used 56794K [0x00000000d5580000, 0x00000000db400000, 0x0000000100000000)
  eden space 49664K, 99% used [0x00000000d5580000,0x00000000d85ef8a0,0x00000000d8600000)
  from space 10752K, 66% used [0x00000000d8600000,0x00000000d8d070f0,0x00000000d9080000)
  to   space 10752K, 0% used [0x00000000da980000,0x00000000da980000,0x00000000db400000)
 ParOldGen       total 66048K, used 9027K [0x0000000080000000, 0x0000000084080000, 0x00000000d5580000)
  object space 66048K, 13% used [0x0000000080000000,0x00000000808d0f50,0x0000000084080000)
 Metaspace       used 31010K, capacity 31588K, committed 31872K, reserved 1077248K
  class space    used 4227K, capacity 4435K, committed 4480K, reserved 1048576K
Event: 15.216 GC heap after
Heap after GC invocations=9 (full 1):
 PSYoungGen      total 84992K, used 6869K [0x00000000d5580000, 0x00000000db300000, 0x0000000100000000)
  eden space 75264K, 0% used [0x00000000d5580000,0x00000000d5580000,0x00000000d9f00000)
  from space 9728K, 70% used [0x00000000da980000,0x00000000db035718,0x00000000db300000)
  to   space 10240K, 0% used [0x00000000d9f00000,0x00000000d9f00000,0x00000000da900000)
 ParOldGen       total 66048K, used 9035K [0x0000000080000000, 0x0000000084080000, 0x00000000d5580000)
  object space 66048K, 13% used [0x0000000080000000,0x00000000808d2f50,0x0000000084080000)
 Metaspace       used 31010K, capacity 31588K, committed 31872K, reserved 1077248K
  class space    used 4227K, capacity 4435K, committed 4480K, reserved 1048576K
}
Event: 16.036 GC heap before
{Heap before GC invocations=10 (full 1):
 PSYoungGen      total 84992K, used 28874K [0x00000000d5580000, 0x00000000db300000, 0x0000000100000000)
  eden space 75264K, 29% used [0x00000000d5580000,0x00000000d6afd1d0,0x00000000d9f00000)
  from space 9728K, 70% used [0x00000000da980000,0x00000000db035718,0x00000000db300000)
  to   space 10240K, 0% used [0x00000000d9f00000,0x00000000d9f00000,0x00000000da900000)
 ParOldGen       total 66048K, used 9035K [0x0000000080000000, 0x0000000084080000, 0x00000000d5580000)
  object space 66048K, 13% used [0x0000000080000000,0x00000000808d2f50,0x0000000084080000)
 Metaspace       used 34594K, capacity 35284K, committed 35416K, reserved 1079296K
  class space    used 4695K, capacity 4974K, committed 4992K, reserved 1048576K
Event: 16.054 GC heap after
Heap after GC invocations=10 (full 1):
 PSYoungGen      total 85504K, used 8943K [0x00000000d5580000, 0x00000000dce80000, 0x0000000100000000)
  eden space 75264K, 0% used [0x00000000d5580000,0x00000000d5580000,0x00000000d9f00000)
  from space 10240K, 87% used [0x00000000d9f00000,0x00000000da7bbf00,0x00000000da900000)
  to   space 11264K, 0% used [0x00000000dc380000,0x00000000dc380000,0x00000000dce80000)
 ParOldGen       total 66048K, used 9107K [0x0000000080000000, 0x0000000084080000, 0x00000000d5580000)
  object space 66048K, 13% used [0x0000000080000000,0x00000000808e4f60,0x0000000084080000)
 Metaspace       used 34594K, capacity 35284K, committed 35416K, reserved 1079296K
  class space    used 4695K, capacity 4974K, committed 4992K, reserved 1048576K
}
Event: 16.054 GC heap before
{Heap before GC invocations=11 (full 2):
 PSYoungGen      total 85504K, used 8943K [0x00000000d5580000, 0x00000000dce80000, 0x0000000100000000)
  eden space 75264K, 0% used [0x00000000d5580000,0x00000000d5580000,0x00000000d9f00000)
  from space 10240K, 87% used [0x00000000d9f00000,0x00000000da7bbf00,0x00000000da900000)
  to   space 11264K, 0% used [0x00000000dc380000,0x00000000dc380000,0x00000000dce80000)
 ParOldGen       total 66048K, used 9107K [0x0000000080000000, 0x0000000084080000, 0x00000000d5580000)
  object space 66048K, 13% used [0x0000000080000000,0x00000000808e4f60,0x0000000084080000)
 Metaspace       used 34594K, capacity 35284K, committed 35416K, reserved 1079296K
  class space    used 4695K, capacity 4974K, committed 4992K, reserved 1048576K
Event: 16.180 GC heap after
Heap after GC invocations=11 (full 2):
 PSYoungGen      total 85504K, used 0K [0x00000000d5580000, 0x00000000dce80000, 0x0000000100000000)
  eden space 75264K, 0% used [0x00000000d5580000,0x00000000d5580000,0x00000000d9f00000)
  from space 10240K, 0% used [0x00000000d9f00000,0x00000000d9f00000,0x00000000da900000)
  to   space 11264K, 0% used [0x00000000dc380000,0x00000000dc380000,0x00000000dce80000)
 ParOldGen       total 66048K, used 15176K [0x0000000080000000, 0x0000000084080000, 0x00000000d5580000)
  object space 66048K, 22% used [0x0000000080000000,0x0000000080ed2100,0x0000000084080000)
 Metaspace       used 34594K, capacity 35284K, committed 35416K, reserved 1079296K
  class space    used 4695K, capacity 4974K, committed 4992K, reserved 1048576K
}
Event: 18.507 GC heap before
{Heap before GC invocations=12 (full 2):
 PSYoungGen      total 85504K, used 75264K [0x00000000d5580000, 0x00000000dce80000, 0x0000000100000000)
  eden space 75264K, 100% used [0x00000000d5580000,0x00000000d9f00000,0x00000000d9f00000)
  from space 10240K, 0% used [0x00000000d9f00000,0x00000000d9f00000,0x00000000da900000)
  to   space 11264K, 0% used [0x00000000dc380000,0x00000000dc380000,0x00000000dce80000)
 ParOldGen       total 66048K, used 15176K [0x0000000080000000, 0x0000000084080000, 0x00000000d5580000)
  object space 66048K, 22% used [0x0000000080000000,0x0000000080ed2100,0x0000000084080000)
 Metaspace       used 40284K, capacity 41024K, committed 41432K, reserved 1085440K
  class space    used 5359K, capacity 5616K, committed 5632K, reserved 1048576K
Event: 18.524 GC heap after
Heap after GC invocations=12 (full 2):
 PSYoungGen      total 101888K, used 6936K [0x00000000d5580000, 0x00000000dca80000, 0x0000000100000000)
  eden space 94720K, 0% used [0x00000000d5580000,0x00000000d5580000,0x00000000db200000)
  from space 7168K, 96% used [0x00000000dc380000,0x00000000dca46128,0x00000000dca80000)
  to   space 10752K, 0% used [0x00000000db580000,0x00000000db580000,0x00000000dc000000)
 ParOldGen       total 66048K, used 15184K [0x0000000080000000, 0x0000000084080000, 0x00000000d5580000)
  object space 66048K, 22% used [0x0000000080000000,0x0000000080ed4100,0x0000000084080000)
 Metaspace       used 40284K, capacity 41024K, committed 41432K, reserved 1085440K
  class space    used 5359K, capacity 5616K, committed 5632K, reserved 1048576K
}

