# JRE version: OpenJDK Runtime Environment (8.0_152-b01) (build 1.8.0_152-release-915-b01)
# Java VM: OpenJDK 64-Bit Server VM (25.152-b01 mixed mode windows-amd64 compressed oops)
Heap:
 PSYoungGen      total 162816K, used 27966K [0x00000000d5580000, 0x00000000e2800000, 0x0000000100000000)
  eden space 138752K, 2% used [0x00000000d5580000,0x00000000d5950e00,0x00000000ddd00000)
  from space 24064K, 99% used [0x00000000e1080000,0x00000000e27fed40,0x00000000e2800000)
  to   space 25088K, 0% used [0x00000000ddd00000,0x00000000ddd00000,0x00000000df580000)
 ParOldGen       total 171008K, used 51832K [0x0000000080000000, 0x000000008a700000, 0x00000000d5580000)
  object space 171008K, 30% used [0x0000000080000000,0x000000008329e060,0x000000008a700000)
 Metaspace       used 62909K, capacity 65904K, committed 66048K, reserved 1105920K
  class space    used 8393K, capacity 9165K, committed 9216K, reserved 1048576K
GC Heap History (10 events):
Event: 21.591 GC heap before
{Heap before GC invocations=15 (full 2):
 PSYoungGen      total 122880K, used 122878K [0x00000000d5580000, 0x00000000deb80000, 0x0000000100000000)
  eden space 109056K, 100% used [0x00000000d5580000,0x00000000dc000000,0x00000000dc000000)
  from space 13824K, 99% used [0x00000000dd180000,0x00000000ddeffbb8,0x00000000ddf00000)
  to   space 17920K, 0% used [0x00000000dc000000,0x00000000dc000000,0x00000000dd180000)
 ParOldGen       total 102912K, used 24461K [0x0000000080000000, 0x0000000086480000, 0x00000000d5580000)
  object space 102912K, 23% used [0x0000000080000000,0x00000000817e3470,0x0000000086480000)
 Metaspace       used 54612K, capacity 56830K, committed 57088K, reserved 1097728K
  class space    used 7535K, capacity 8161K, committed 8192K, reserved 1048576K
Event: 21.623 GC heap after
Heap after GC invocations=15 (full 2):
 PSYoungGen      total 126976K, used 17890K [0x00000000d5580000, 0x00000000e0c80000, 0x0000000100000000)
  eden space 109056K, 0% used [0x00000000d5580000,0x00000000d5580000,0x00000000dc000000)
  from space 17920K, 99% used [0x00000000dc000000,0x00000000dd1788e8,0x00000000dd180000)
  to   space 23552K, 0% used [0x00000000df580000,0x00000000df580000,0x00000000e0c80000)
 ParOldGen       total 102912K, used 34018K [0x0000000080000000, 0x0000000086480000, 0x00000000d5580000)
  object space 102912K, 33% used [0x0000000080000000,0x0000000082138b28,0x0000000086480000)
 Metaspace       used 54612K, capacity 56830K, committed 57088K, reserved 1097728K
  class space    used 7535K, capacity 8161K, committed 8192K, reserved 1048576K
}
Event: 23.711 GC heap before
{Heap before GC invocations=16 (full 2):
 PSYoungGen      total 126976K, used 114341K [0x00000000d5580000, 0x00000000e0c80000, 0x0000000100000000)
  eden space 109056K, 88% used [0x00000000d5580000,0x00000000db3b0f00,0x00000000dc000000)
  from space 17920K, 99% used [0x00000000dc000000,0x00000000dd1788e8,0x00000000dd180000)
  to   space 23552K, 0% used [0x00000000df580000,0x00000000df580000,0x00000000e0c80000)
 ParOldGen       total 102912K, used 34018K [0x0000000080000000, 0x0000000086480000, 0x00000000d5580000)
  object space 102912K, 33% used [0x0000000080000000,0x0000000082138b28,0x0000000086480000)
 Metaspace       used 56549K, capacity 58988K, committed 59028K, reserved 1099776K
  class space    used 7759K, capacity 8409K, committed 8448K, reserved 1048576K
Event: 23.741 GC heap after
Heap after GC invocations=16 (full 2):
 PSYoungGen      total 162304K, used 18249K [0x00000000d5580000, 0x00000000e0f00000, 0x0000000100000000)
  eden space 138752K, 0% used [0x00000000d5580000,0x00000000d5580000,0x00000000ddd00000)
  from space 23552K, 77% used [0x00000000df580000,0x00000000e0752470,0x00000000e0c80000)
  to   space 25088K, 0% used [0x00000000ddd00000,0x00000000ddd00000,0x00000000df580000)
 ParOldGen       total 102912K, used 40500K [0x0000000080000000, 0x0000000086480000, 0x00000000d5580000)
  object space 102912K, 39% used [0x0000000080000000,0x000000008278d028,0x0000000086480000)
 Metaspace       used 56549K, capacity 58988K, committed 59028K, reserved 1099776K
  class space    used 7759K, capacity 8409K, committed 8448K, reserved 1048576K
}
Event: 23.741 GC heap before
{Heap before GC invocations=17 (full 3):
 PSYoungGen      total 162304K, used 18249K [0x00000000d5580000, 0x00000000e0f00000, 0x0000000100000000)
  eden space 138752K, 0% used [0x00000000d5580000,0x00000000d5580000,0x00000000ddd00000)
  from space 23552K, 77% used [0x00000000df580000,0x00000000e0752470,0x00000000e0c80000)
  to   space 25088K, 0% used [0x00000000ddd00000,0x00000000ddd00000,0x00000000df580000)
 ParOldGen       total 102912K, used 40500K [0x0000000080000000, 0x0000000086480000, 0x00000000d5580000)
  object space 102912K, 39% used [0x0000000080000000,0x000000008278d028,0x0000000086480000)
 Metaspace       used 56549K, capacity 58988K, committed 59028K, reserved 1099776K
  class space    used 7759K, capacity 8409K, committed 8448K, reserved 1048576K
Event: 24.098 GC heap after
Heap after GC invocations=17 (full 3):
 PSYoungGen      total 162304K, used 0K [0x00000000d5580000, 0x00000000e0f00000, 0x0000000100000000)
  eden space 138752K, 0% used [0x00000000d5580000,0x00000000d5580000,0x00000000ddd00000)
  from space 23552K, 0% used [0x00000000df580000,0x00000000df580000,0x00000000e0c80000)
  to   space 25088K, 0% used [0x00000000ddd00000,0x00000000ddd00000,0x00000000df580000)
 ParOldGen       total 171008K, used 49547K [0x0000000080000000, 0x000000008a700000, 0x00000000d5580000)
  object space 171008K, 28% used [0x0000000080000000,0x0000000083062dd8,0x000000008a700000)
 Metaspace       used 56549K, capacity 58988K, committed 59028K, reserved 1099776K
  class space    used 7759K, capacity 8409K, committed 8448K, reserved 1048576K
}
Event: 31.686 GC heap before
{Heap before GC invocations=18 (full 3):
 PSYoungGen      total 162304K, used 138752K [0x00000000d5580000, 0x00000000e0f00000, 0x0000000100000000)
  eden space 138752K, 100% used [0x00000000d5580000,0x00000000ddd00000,0x00000000ddd00000)
  from space 23552K, 0% used [0x00000000df580000,0x00000000df580000,0x00000000e0c80000)
  to   space 25088K, 0% used [0x00000000ddd00000,0x00000000ddd00000,0x00000000df580000)
 ParOldGen       total 171008K, used 49547K [0x0000000080000000, 0x000000008a700000, 0x00000000d5580000)
  object space 171008K, 28% used [0x0000000080000000,0x0000000083062dd8,0x000000008a700000)
 Metaspace       used 61214K, capacity 64144K, committed 64384K, reserved 1103872K
  class space    used 8234K, capacity 8995K, committed 9088K, reserved 1048576K
Event: 31.712 GC heap after
Heap after GC invocations=18 (full 3):
 PSYoungGen      total 163840K, used 11220K [0x00000000d5580000, 0x00000000e2800000, 0x0000000100000000)
  eden space 138752K, 0% used [0x00000000d5580000,0x00000000d5580000,0x00000000ddd00000)
  from space 25088K, 44% used [0x00000000ddd00000,0x00000000de7f5250,0x00000000df580000)
  to   space 24064K, 0% used [0x00000000e1080000,0x00000000e1080000,0x00000000e2800000)
 ParOldGen       total 171008K, used 49555K [0x0000000080000000, 0x000000008a700000, 0x00000000d5580000)
  object space 171008K, 28% used [0x0000000080000000,0x0000000083064dd8,0x000000008a700000)
 Metaspace       used 61214K, capacity 64144K, committed 64384K, reserved 1103872K
  class space    used 8234K, capacity 8995K, committed 9088K, reserved 1048576K
}
Event: 56.088 GC heap before
{Heap before GC invocations=19 (full 3):
 PSYoungGen      total 163840K, used 149079K [0x00000000d5580000, 0x00000000e2800000, 0x0000000100000000)
  eden space 138752K, 99% used [0x00000000d5580000,0x00000000ddc20bc0,0x00000000ddd00000)
  from space 25088K, 44% used [0x00000000ddd00000,0x00000000de7f5250,0x00000000df580000)
  to   space 24064K, 0% used [0x00000000e1080000,0x00000000e1080000,0x00000000e2800000)
 ParOldGen       total 171008K, used 49555K [0x0000000080000000, 0x000000008a700000, 0x00000000d5580000)
  object space 171008K, 28% used [0x0000000080000000,0x0000000083064dd8,0x000000008a700000)
 Metaspace       used 62908K, capacity 65904K, committed 66048K, reserved 1105920K
  class space    used 8393K, capacity 9165K, committed 9216K, reserved 1048576K
Event: 56.162 GC heap after
Heap after GC invocations=19 (full 3):
 PSYoungGen      total 162816K, used 24059K [0x00000000d5580000, 0x00000000e2800000, 0x0000000100000000)
  eden space 138752K, 0% used [0x00000000d5580000,0x00000000d5580000,0x00000000ddd00000)
  from space 24064K, 99% used [0x00000000e1080000,0x00000000e27fed40,0x00000000e2800000)
  to   space 25088K, 0% used [0x00000000ddd00000,0x00000000ddd00000,0x00000000df580000)
 ParOldGen       total 171008K, used 51832K [0x0000000080000000, 0x000000008a700000, 0x00000000d5580000)
  object space 171008K, 30% used [0x0000000080000000,0x000000008329e060,0x000000008a700000)
 Metaspace       used 62908K, capacity 65904K, committed 66048K, reserved 1105920K
  class space    used 8393K, capacity 9165K, committed 9216K, reserved 1048576K
}

